2026-03-07 15:19:58.171 [pool-1-thread-17] INFO  rj.highlink.service.impl.ShortLinkServiceImpl-查询短链接成功 - shortCode: 2pYfpsFg4Qd, longUrl: https://www.mixed-test.com/11
2026-03-07 15:19:58.172 [pool-1-thread-20] INFO  rj.highlink.service.impl.ShortLinkServiceImpl-查询短链接成功 - shortCode: 2pYfpsFxFYe, longUrl: https://www.mixed-test.com/17
2026-03-07 15:19:58.188 [pool-1-thread-12] INFO  rj.highlink.service.impl.ShortLinkServiceImpl-查询数据库结果：ShortLinkPo(id=298, shortCode=2pYfpt7VyYE, longUrl=https://www.example.com/same-url-test, urlHash=5280cecde94f7c414c05db4e0048e3e4, status=1, expireTime=2026-03-14T15:15:42, createTime=2026-03-07T15:15:42, updateTime=2026-03-07T15:15:42)
2026-03-07 15:19:58.192 [pool-1-thread-12] INFO  rj.highlink.service.impl.ShortLinkServiceImpl-查询数据库结果：ShortLinkPo(id=298, shortCode=2pYfpt7VyYE, longUrl=https://www.example.com/same-url-test, urlHash=5280cecde94f7c414c05db4e0048e3e4, status=1, expireTime=2026-03-14T15:15:42, createTime=2026-03-07T15:15:42, updateTime=2026-03-07T15:15:42)
2026-03-07 15:19:58.196 [pool-1-thread-12] INFO  rj.highlink.service.impl.ShortLinkServiceImpl-查询数据库结果：ShortLinkPo(id=298, shortCode=2pYfpt7VyYE, longUrl=https://www.example.com/same-url-test, urlHash=5280cecde94f7c414c05db4e0048e3e4, status=1, expireTime=2026-03-14T15:15:42, createTime=2026-03-07T15:15:42, updateTime=2026-03-07T15:15:42)
2026-03-07 15:19:58.200 [pool-1-thread-12] INFO  rj.highlink.service.impl.ShortLinkServiceImpl-查询数据库结果：ShortLinkPo(id=298, shortCode=2pYfpt7VyYE, longUrl=https://www.example.com/same-url-test, urlHash=5280cecde94f7c414c05db4e0048e3e4, status=1, expireTime=2026-03-14T15:15:42, createTime=2026-03-07T15:15:42, updateTime=2026-03-07T15:15:42)
2026-03-07 15:19:58.204 [pool-1-thread-12] INFO  rj.highlink.service.impl.ShortLinkServiceImpl-查询数据库结果：ShortLinkPo(id=298, shortCode=2pYfpt7VyYE, longUrl=https://www.example.com/same-url-test, urlHash=5280cecde94f7c414c05db4e0048e3e4, status=1, expireTime=2026-03-14T15:15:42, createTime=2026-03-07T15:15:42, updateTime=2026-03-07T15:15:42)
2026-03-07 15:19:58.208 [pool-1-thread-12] INFO  rj.highlink.service.impl.ShortLinkServiceImpl-查询数据库结果：ShortLinkPo(id=298, shortCode=2pYfpt7VyYE, longUrl=https://www.example.com/same-url-test, urlHash=5280cecde94f7c414c05db4e0048e3e4, status=1, expireTime=2026-03-14T15:15:42, createTime=2026-03-07T15:15:42, updateTime=2026-03-07T15:15:42)
2026-03-07 15:19:58.213 [pool-1-thread-12] INFO  rj.highlink.service.impl.ShortLinkServiceImpl-查询数据库结果：ShortLinkPo(id=298, shortCode=2pYfpt7VyYE, longUrl=https://www.example.com/same-url-test, urlHash=5280cecde94f7c414c05db4e0048e3e4, status=1, expireTime=2026-03-14T15:15:42, createTime=2026-03-07T15:15:42, updateTime=2026-03-07T15:15:42)
2026-03-07 15:19:58.216 [pool-1-thread-12] INFO  rj.highlink.service.impl.ShortLinkServiceImpl-查询数据库结果：ShortLinkPo(id=298, shortCode=2pYfpt7VyYE, longUrl=https://www.example.com/same-url-test, urlHash=5280cecde94f7c414c05db4e0048e3e4, status=1, expireTime=2026-03-14T15:15:42, createTime=2026-03-07T15:15:42, updateTime=2026-03-07T15:15:42)
2026-03-07 15:19:58.220 [pool-1-thread-12] INFO  rj.highlink.service.impl.ShortLinkServiceImpl-查询数据库结果：ShortLinkPo(id=298, shortCode=2pYfpt7VyYE, longUrl=https://www.example.com/same-url-test, urlHash=5280cecde94f7c414c05db4e0048e3e4, status=1, expireTime=2026-03-14T15:15:42, createTime=2026-03-07T15:15:42, updateTime=2026-03-07T15:15:42)
2026-03-07 15:19:58.223 [pool-1-thread-12] INFO  rj.highlink.service.impl.ShortLinkServiceImpl-查询数据库结果：ShortLinkPo(id=298, shortCode=2pYfpt7VyYE, longUrl=https://www.example.com/same-url-test, urlHash=5280cecde94f7c414c05db4e0048e3e4, status=1, expireTime=2026-03-14T15:15:42, createTime=2026-03-07T15:15:42, updateTime=2026-03-07T15:15:42)
2026-03-07 15:19:58.227 [pool-1-thread-12] INFO  rj.highlink.service.impl.ShortLinkServiceImpl-查询数据库结果：ShortLinkPo(id=298, shortCode=2pYfpt7VyYE, longUrl=https://www.example.com/same-url-test, urlHash=5280cecde94f7c414c05db4e0048e3e4, status=1, expireTime=2026-03-14T15:15:42, createTime=2026-03-07T15:15:42, updateTime=2026-03-07T15:15:42)
2026-03-07 15:19:58.231 [pool-1-thread-12] INFO  rj.highlink.service.impl.ShortLinkServiceImpl-查询数据库结果：ShortLinkPo(id=298, shortCode=2pYfpt7VyYE, longUrl=https://www.example.com/same-url-test, urlHash=5280cecde94f7c414c05db4e0048e3e4, status=1, expireTime=2026-03-14T15:15:42, createTime=2026-03-07T15:15:42, updateTime=2026-03-07T15:15:42)
2026-03-07 15:19:58.234 [pool-1-thread-12] INFO  rj.highlink.service.impl.ShortLinkServiceImpl-查询数据库结果：ShortLinkPo(id=298, shortCode=2pYfpt7VyYE, longUrl=https://www.example.com/same-url-test, urlHash=5280cecde94f7c414c05db4e0048e3e4, status=1, expireTime=2026-03-14T15:15:42, createTime=2026-03-07T15:15:42, updateTime=2026-03-07T15:15:42)
2026-03-07 15:19:58.238 [pool-1-thread-12] INFO  rj.highlink.service.impl.ShortLinkServiceImpl-查询数据库结果：ShortLinkPo(id=298, shortCode=2pYfpt7VyYE, longUrl=https://www.example.com/same-url-test, urlHash=5280cecde94f7c414c05db4e0048e3e4, status=1, expireTime=2026-03-14T15:15:42, createTime=2026-03-07T15:15:42, updateTime=2026-03-07T15:15:42)
2026-03-07 15:19:58.243 [pool-1-thread-20] INFO  rj.highlink.service.impl.ShortLinkServiceImpl-查询数据库结果：ShortLinkPo(id=298, shortCode=2pYfpt7VyYE, longUrl=https://www.example.com/same-url-test, urlHash=5280cecde94f7c414c05db4e0048e3e4, status=1, expireTime=2026-03-14T15:15:42, createTime=2026-03-07T15:15:42, updateTime=2026-03-07T15:15:42)
2026-03-07 15:19:58.246 [pool-1-thread-20] INFO  rj.highlink.service.impl.ShortLinkServiceImpl-查询数据库结果：ShortLinkPo(id=298, shortCode=2pYfpt7VyYE, longUrl=https://www.example.com/same-url-test, urlHash=5280cecde94f7c414c05db4e0048e3e4, status=1, expireTime=2026-03-14T15:15:42, createTime=2026-03-07T15:15:42, updateTime=2026-03-07T15:15:42)
2026-03-07 15:19:58.250 [pool-1-thread-20] INFO  rj.highlink.service.impl.ShortLinkServiceImpl-查询数据库结果：ShortLinkPo(id=298, shortCode=2pYfpt7VyYE, longUrl=https://www.example.com/same-url-test, urlHash=5280cecde94f7c414c05db4e0048e3e4, status=1, expireTime=2026-03-14T15:15:42, createTime=2026-03-07T15:15:42, updateTime=2026-03-07T15:15:42)
2026-03-07 15:19:58.253 [pool-1-thread-20] INFO  rj.highlink.service.impl.ShortLinkServiceImpl-查询数据库结果：ShortLinkPo(id=298, shortCode=2pYfpt7VyYE, longUrl=https://www.example.com/same-url-test, urlHash=5280cecde94f7c414c05db4e0048e3e4, status=1, expireTime=2026-03-14T15:15:42, createTime=2026-03-07T15:15:42, updateTime=2026-03-07T15:15:42)
2026-03-07 15:19:58.257 [pool-1-thread-20] INFO  rj.highlink.service.impl.ShortLinkServiceImpl-查询数据库结果：ShortLinkPo(id=298, shortCode=2pYfpt7VyYE, longUrl=https://www.example.com/same-url-test, urlHash=5280cecde94f7c414c05db4e0048e3e4, status=1, expireTime=2026-03-14T15:15:42, createTime=2026-03-07T15:15:42, updateTime=2026-03-07T15:15:42)
2026-03-07 15:19:58.260 [pool-1-thread-14] INFO  rj.highlink.service.impl.ShortLinkServiceImpl-查询数据库结果：ShortLinkPo(id=298, shortCode=2pYfpt7VyYE, longUrl=https://www.example.com/same-url-test, urlHash=5280cecde94f7c414c05db4e0048e3e4, status=1, expireTime=2026-03-14T15:15:42, createTime=2026-03-07T15:15:42, updateTime=2026-03-07T15:15:42)
2026-03-07 15:19:58.263 [pool-1-thread-9] INFO  rj.highlink.service.impl.ShortLinkServiceImpl-查询数据库结果：ShortLinkPo(id=298, shortCode=2pYfpt7VyYE, longUrl=https://www.example.com/same-url-test, urlHash=5280cecde94f7c414c05db4e0048e3e4, status=1, expireTime=2026-03-14T15:15:42, createTime=2026-03-07T15:15:42, updateTime=2026-03-07T15:15:42)
2026-03-07 15:19:58.266 [pool-1-thread-9] INFO  rj.highlink.service.impl.ShortLinkServiceImpl-查询数据库结果：ShortLinkPo(id=298, shortCode=2pYfpt7VyYE, longUrl=https://www.example.com/same-url-test, urlHash=5280cecde94f7c414c05db4e0048e3e4, status=1, expireTime=2026-03-14T15:15:42, createTime=2026-03-07T15:15:42, updateTime=2026-03-07T15:15:42)
2026-03-07 15:19:58.270 [pool-1-thread-13] INFO  rj.highlink.service.impl.ShortLinkServiceImpl-查询数据库结果：ShortLinkPo(id=298, shortCode=2pYfpt7VyYE, longUrl=https://www.example.com/same-url-test, urlHash=5280cecde94f7c414c05db4e0048e3e4, status=1, expireTime=2026-03-14T15:15:42, createTime=2026-03-07T15:15:42, updateTime=2026-03-07T15:15:42)
2026-03-07 15:19:58.274 [pool-1-thread-8] INFO  rj.highlink.service.impl.ShortLinkServiceImpl-查询数据库结果：ShortLinkPo(id=298, shortCode=2pYfpt7VyYE, longUrl=https://www.example.com/same-url-test, urlHash=5280cecde94f7c414c05db4e0048e3e4, status=1, expireTime=2026-03-14T15:15:42, createTime=2026-03-07T15:15:42, updateTime=2026-03-07T15:15:42)
2026-03-07 15:19:58.278 [pool-1-thread-2] INFO  rj.highlink.service.impl.ShortLinkServiceImpl-查询数据库结果：ShortLinkPo(id=298, shortCode=2pYfpt7VyYE, longUrl=https://www.example.com/same-url-test, urlHash=5280cecde94f7c414c05db4e0048e3e4, status=1, expireTime=2026-03-14T15:15:42, createTime=2026-03-07T15:15:42, updateTime=2026-03-07T15:15:42)
2026-03-07 15:19:58.282 [pool-1-thread-11] INFO  rj.highlink.service.impl.ShortLinkServiceImpl-查询数据库结果：ShortLinkPo(id=298, shortCode=2pYfpt7VyYE, longUrl=https://www.example.com/same-url-test, urlHash=5280cecde94f7c414c05db4e0048e3e4, status=1, expireTime=2026-03-14T15:15:42, createTime=2026-03-07T15:15:42, updateTime=2026-03-07T15:15:42)
2026-03-07 15:19:58.285 [pool-1-thread-17] INFO  rj.highlink.service.impl.ShortLinkServiceImpl-查询数据库结果：ShortLinkPo(id=298, shortCode=2pYfpt7VyYE, longUrl=https://www.example.com/same-url-test, urlHash=5280cecde94f7c414c05db4e0048e3e4, status=1, expireTime=2026-03-14T15:15:42, createTime=2026-03-07T15:15:42, updateTime=2026-03-07T15:15:42)
2026-03-07 15:19:58.288 [pool-1-thread-10] INFO  rj.highlink.service.impl.ShortLinkServiceImpl-查询数据库结果：ShortLinkPo(id=298, shortCode=2pYfpt7VyYE, longUrl=https://www.example.com/same-url-test, urlHash=5280cecde94f7c414c05db4e0048e3e4, status=1, expireTime=2026-03-14T15:15:42, createTime=2026-03-07T15:15:42, updateTime=2026-03-07T15:15:42)
2026-03-07 15:19:58.293 [pool-1-thread-4] INFO  rj.highlink.service.impl.ShortLinkServiceImpl-查询数据库结果：ShortLinkPo(id=298, shortCode=2pYfpt7VyYE, longUrl=https://www.example.com/same-url-test, urlHash=5280cecde94f7c414c05db4e0048e3e4, status=1, expireTime=2026-03-14T15:15:42, createTime=2026-03-07T15:15:42, updateTime=2026-03-07T15:15:42)
2026-03-07 15:19:58.296 [pool-1-thread-6] INFO  rj.highlink.service.impl.ShortLinkServiceImpl-查询数据库结果：ShortLinkPo(id=298, shortCode=2pYfpt7VyYE, longUrl=https://www.example.com/same-url-test, urlHash=5280cecde94f7c414c05db4e0048e3e4, status=1, expireTime=2026-03-14T15:15:42, createTime=2026-03-07T15:15:42, updateTime=2026-03-07T15:15:42)
2026-03-07 15:19:58.300 [pool-1-thread-18] INFO  rj.highlink.service.impl.ShortLinkServiceImpl-查询数据库结果：ShortLinkPo(id=298, shortCode=2pYfpt7VyYE, longUrl=https://www.example.com/same-url-test, urlHash=5280cecde94f7c414c05db4e0048e3e4, status=1, expireTime=2026-03-14T15:15:42, createTime=2026-03-07T15:15:42, updateTime=2026-03-07T15:15:42)
2026-03-07 15:19:58.303 [pool-1-thread-16] INFO  rj.highlink.service.impl.ShortLinkServiceImpl-查询数据库结果：ShortLinkPo(id=298, shortCode=2pYfpt7VyYE, longUrl=https://www.example.com/same-url-test, urlHash=5280cecde94f7c414c05db4e0048e3e4, status=1, expireTime=2026-03-14T15:15:42, createTime=2026-03-07T15:15:42, updateTime=2026-03-07T15:15:42)
2026-03-07 15:19:58.306 [pool-1-thread-15] INFO  rj.highlink.service.impl.ShortLinkServiceImpl-查询数据库结果：ShortLinkPo(id=298, shortCode=2pYfpt7VyYE, longUrl=https://www.example.com/same-url-test, urlHash=5280cecde94f7c414c05db4e0048e3e4, status=1, expireTime=2026-03-14T15:15:42, createTime=2026-03-07T15:15:42, updateTime=2026-03-07T15:15:42)
2026-03-07 15:19:58.310 [pool-1-thread-12] INFO  rj.highlink.service.impl.ShortLinkServiceImpl-查询数据库结果：ShortLinkPo(id=298, shortCode=2pYfpt7VyYE, longUrl=https://www.example.com/same-url-test, urlHash=5280cecde94f7c414c05db4e0048e3e4, status=1, expireTime=2026-03-14T15:15:42, createTime=2026-03-07T15:15:42, updateTime=2026-03-07T15:15:42)
2026-03-07 15:19:58.314 [pool-1-thread-1] INFO  rj.highlink.service.impl.ShortLinkServiceImpl-查询数据库结果：ShortLinkPo(id=298, shortCode=2pYfpt7VyYE, longUrl=https://www.example.com/same-url-test, urlHash=5280cecde94f7c414c05db4e0048e3e4, status=1, expireTime=2026-03-14T15:15:42, createTime=2026-03-07T15:15:42, updateTime=2026-03-07T15:15:42)
2026-03-07 15:19:58.318 [pool-1-thread-7] INFO  rj.highlink.service.impl.ShortLinkServiceImpl-查询数据库结果：ShortLinkPo(id=298, shortCode=2pYfpt7VyYE, longUrl=https://www.example.com/same-url-test, urlHash=5280cecde94f7c414c05db4e0048e3e4, status=1, expireTime=2026-03-14T15:15:42, createTime=2026-03-07T15:15:42, updateTime=2026-03-07T15:15:42)
2026-03-07 15:19:58.321 [pool-1-thread-3] INFO  rj.highlink.service.impl.ShortLinkServiceImpl-查询数据库结果：ShortLinkPo(id=298, shortCode=2pYfpt7VyYE, longUrl=https://www.example.com/same-url-test, urlHash=5280cecde94f7c414c05db4e0048e3e4, status=1, expireTime=2026-03-14T15:15:42, createTime=2026-03-07T15:15:42, updateTime=2026-03-07T15:15:42)
2026-03-07 15:19:58.325 [pool-1-thread-5] INFO  rj.highlink.service.impl.ShortLinkServiceImpl-查询数据库结果：ShortLinkPo(id=298, shortCode=2pYfpt7VyYE, longUrl=https://www.example.com/same-url-test, urlHash=5280cecde94f7c414c05db4e0048e3e4, status=1, expireTime=2026-03-14T15:15:42, createTime=2026-03-07T15:15:42, updateTime=2026-03-07T15:15:42)
2026-03-07 15:19:58.328 [pool-1-thread-20] INFO  rj.highlink.service.impl.ShortLinkServiceImpl-查询数据库结果：ShortLinkPo(id=298, shortCode=2pYfpt7VyYE, longUrl=https://www.example.com/same-url-test, urlHash=5280cecde94f7c414c05db4e0048e3e4, status=1, expireTime=2026-03-14T15:15:42, createTime=2026-03-07T15:15:42, updateTime=2026-03-07T15:15:42)
2026-03-07 15:19:58.333 [pool-1-thread-14] INFO  rj.highlink.service.impl.ShortLinkServiceImpl-查询数据库结果：ShortLinkPo(id=298, shortCode=2pYfpt7VyYE, longUrl=https://www.example.com/same-url-test, urlHash=5280cecde94f7c414c05db4e0048e3e4, status=1, expireTime=2026-03-14T15:15:42, createTime=2026-03-07T15:15:42, updateTime=2026-03-07T15:15:42)
2026-03-07 15:19:58.337 [pool-1-thread-19] INFO  rj.highlink.service.impl.ShortLinkServiceImpl-查询数据库结果：ShortLinkPo(id=298, shortCode=2pYfpt7VyYE, longUrl=https://www.example.com/same-url-test, urlHash=5280cecde94f7c414c05db4e0048e3e4, status=1, expireTime=2026-03-14T15:15:42, createTime=2026-03-07T15:15:42, updateTime=2026-03-07T15:15:42)
2026-03-07 15:19:58.341 [pool-1-thread-9] INFO  rj.highlink.service.impl.ShortLinkServiceImpl-查询数据库结果：ShortLinkPo(id=298, shortCode=2pYfpt7VyYE, longUrl=https://www.example.com/same-url-test, urlHash=5280cecde94f7c414c05db4e0048e3e4, status=1, expireTime=2026-03-14T15:15:42, createTime=2026-03-07T15:15:42, updateTime=2026-03-07T15:15:42)
2026-03-07 15:19:58.343 [pool-1-thread-13] INFO  rj.highlink.service.impl.ShortLinkServiceImpl-查询数据库结果：ShortLinkPo(id=298, shortCode=2pYfpt7VyYE, longUrl=https://www.example.com/same-url-test, urlHash=5280cecde94f7c414c05db4e0048e3e4, status=1, expireTime=2026-03-14T15:15:42, createTime=2026-03-07T15:15:42, updateTime=2026-03-07T15:15:42)
2026-03-07 15:19:58.347 [pool-1-thread-8] INFO  rj.highlink.service.impl.ShortLinkServiceImpl-查询数据库结果：ShortLinkPo(id=298, shortCode=2pYfpt7VyYE, longUrl=https://www.example.com/same-url-test, urlHash=5280cecde94f7c414c05db4e0048e3e4, status=1, expireTime=2026-03-14T15:15:42, createTime=2026-03-07T15:15:42, updateTime=2026-03-07T15:15:42)
2026-03-07 15:19:58.351 [pool-1-thread-2] INFO  rj.highlink.service.impl.ShortLinkServiceImpl-查询数据库结果：ShortLinkPo(id=298, shortCode=2pYfpt7VyYE, longUrl=https://www.example.com/same-url-test, urlHash=5280cecde94f7c414c05db4e0048e3e4, status=1, expireTime=2026-03-14T15:15:42, createTime=2026-03-07T15:15:42, updateTime=2026-03-07T15:15:42)
2026-03-07 15:19:58.354 [pool-1-thread-11] INFO  rj.highlink.service.impl.ShortLinkServiceImpl-查询数据库结果：ShortLinkPo(id=298, shortCode=2pYfpt7VyYE, longUrl=https://www.example.com/same-url-test, urlHash=5280cecde94f7c414c05db4e0048e3e4, status=1, expireTime=2026-03-14T15:15:42, createTime=2026-03-07T15:15:42, updateTime=2026-03-07T15:15:42)
2026-03-07 15:19:58.357 [pool-1-thread-17] INFO  rj.highlink.service.impl.ShortLinkServiceImpl-查询数据库结果：ShortLinkPo(id=298, shortCode=2pYfpt7VyYE, longUrl=https://www.example.com/same-url-test, urlHash=5280cecde94f7c414c05db4e0048e3e4, status=1, expireTime=2026-03-14T15:15:42, createTime=2026-03-07T15:15:42, updateTime=2026-03-07T15:15:42)
2026-03-07 15:19:58.360 [pool-1-thread-10] INFO  rj.highlink.service.impl.ShortLinkServiceImpl-查询数据库结果：ShortLinkPo(id=298, shortCode=2pYfpt7VyYE, longUrl=https://www.example.com/same-url-test, urlHash=5280cecde94f7c414c05db4e0048e3e4, status=1, expireTime=2026-03-14T15:15:42, createTime=2026-03-07T15:15:42, updateTime=2026-03-07T15:15:42)
2026-03-07 15:19:58.363 [pool-1-thread-4] INFO  rj.highlink.service.impl.ShortLinkServiceImpl-查询数据库结果：ShortLinkPo(id=298, shortCode=2pYfpt7VyYE, longUrl=https://www.example.com/same-url-test, urlHash=5280cecde94f7c414c05db4e0048e3e4, status=1, expireTime=2026-03-14T15:15:42, createTime=2026-03-07T15:15:42, updateTime=2026-03-07T15:15:42)
2026-03-07 15:19:58.374 [pool-1-thread-6] INFO  rj.highlink.service.impl.ShortLinkServiceImpl-查询数据库结果：ShortLinkPo(id=298, shortCode=2pYfpt7VyYE, longUrl=https://www.example.com/same-url-test, urlHash=5280cecde94f7c414c05db4e0048e3e4, status=1, expireTime=2026-03-14T15:15:42, createTime=2026-03-07T15:15:42, updateTime=2026-03-07T15:15:42)
2026-03-07 15:19:58.602 [pool-1-thread-14] DEBUG r.highlink.common.interceptor.RateLimitInterceptor-限流检查通过 - IP: 127.0.0.1, 接口：/shortlink/create, 限流 key: 127.0.0.1:create
2026-03-07 15:19:58.602 [pool-1-thread-13] DEBUG r.highlink.common.interceptor.RateLimitInterceptor-限流检查通过 - IP: 127.0.0.1, 接口：/shortlink/create, 限流 key: 127.0.0.1:create
2026-03-07 15:19:58.602 [pool-1-thread-5] DEBUG r.highlink.common.interceptor.RateLimitInterceptor-限流检查通过 - IP: 127.0.0.1, 接口：/shortlink/create, 限流 key: 127.0.0.1:create
2026-03-07 15:19:58.602 [pool-1-thread-8] DEBUG r.highlink.common.interceptor.RateLimitInterceptor-限流检查通过 - IP: 127.0.0.1, 接口：/shortlink/create, 限流 key: 127.0.0.1:create
2026-03-07 15:19:58.602 [pool-1-thread-18] DEBUG r.highlink.common.interceptor.RateLimitInterceptor-限流检查通过 - IP: 127.0.0.1, 接口：/shortlink/create, 限流 key: 127.0.0.1:create
2026-03-07 15:19:58.602 [pool-1-thread-7] DEBUG r.highlink.common.interceptor.RateLimitInterceptor-限流检查通过 - IP: 127.0.0.1, 接口：/shortlink/create, 限流 key: 127.0.0.1:create
2026-03-07 15:19:58.602 [pool-1-thread-12] DEBUG r.highlink.common.interceptor.RateLimitInterceptor-限流检查通过 - IP: 127.0.0.1, 接口：/shortlink/create, 限流 key: 127.0.0.1:create
2026-03-07 15:19:58.602 [pool-1-thread-3] DEBUG r.highlink.common.interceptor.RateLimitInterceptor-限流检查通过 - IP: 127.0.0.1, 接口：/shortlink/create, 限流 key: 127.0.0.1:create
2026-03-07 15:19:58.602 [pool-1-thread-15] DEBUG r.highlink.common.interceptor.RateLimitInterceptor-限流检查通过 - IP: 127.0.0.1, 接口：/shortlink/create, 限流 key: 127.0.0.1:create
2026-03-07 15:19:58.602 [pool-1-thread-2] DEBUG r.highlink.common.interceptor.RateLimitInterceptor-限流检查通过 - IP: 127.0.0.1, 接口：/shortlink/create, 限流 key: 127.0.0.1:create
2026-03-07 15:19:58.602 [pool-1-thread-20] DEBUG r.highlink.common.interceptor.RateLimitInterceptor-限流检查通过 - IP: 127.0.0.1, 接口：/shortlink/create, 限流 key: 127.0.0.1:create
2026-03-07 15:19:58.602 [pool-1-thread-19] DEBUG r.highlink.common.interceptor.RateLimitInterceptor-限流检查通过 - IP: 127.0.0.1, 接口：/shortlink/create, 限流 key: 127.0.0.1:create
2026-03-07 15:19:58.602 [pool-1-thread-9] DEBUG r.highlink.common.interceptor.RateLimitInterceptor-限流检查通过 - IP: 127.0.0.1, 接口：/shortlink/create, 限流 key: 127.0.0.1:create
2026-03-07 15:19:58.602 [pool-1-thread-1] DEBUG r.highlink.common.interceptor.RateLimitInterceptor-限流检查通过 - IP: 127.0.0.1, 接口：/shortlink/create, 限流 key: 127.0.0.1:create
2026-03-07 15:19:58.602 [pool-1-thread-16] DEBUG r.highlink.common.interceptor.RateLimitInterceptor-限流检查通过 - IP: 127.0.0.1, 接口：/shortlink/create, 限流 key: 127.0.0.1:create
2026-03-07 15:19:58.806 [pool-1-thread-20] INFO  rj.highlink.service.impl.ShortLinkServiceImpl-查询数据库结果：null
2026-03-07 15:19:58.806 [pool-1-thread-12] INFO  rj.highlink.service.impl.ShortLinkServiceImpl-查询数据库结果：null
2026-03-07 15:19:58.806 [pool-1-thread-8] INFO  rj.highlink.service.impl.ShortLinkServiceImpl-查询数据库结果：null
2026-03-07 15:19:58.806 [pool-1-thread-7] INFO  rj.highlink.service.impl.ShortLinkServiceImpl-查询数据库结果：null
2026-03-07 15:19:58.806 [pool-1-thread-13] INFO  rj.highlink.service.impl.ShortLinkServiceImpl-查询数据库结果：null
2026-03-07 15:19:58.806 [pool-1-thread-9] INFO  rj.highlink.service.impl.ShortLinkServiceImpl-查询数据库结果：null
2026-03-07 15:19:58.806 [pool-1-thread-19] INFO  rj.highlink.service.impl.ShortLinkServiceImpl-查询数据库结果：null
2026-03-07 15:19:58.807 [pool-1-thread-15] INFO  rj.highlink.service.impl.ShortLinkServiceImpl-查询数据库结果：null
2026-03-07 15:19:58.807 [pool-1-thread-3] INFO  rj.highlink.service.impl.ShortLinkServiceImpl-查询数据库结果：null
2026-03-07 15:19:58.807 [pool-1-thread-5] INFO  rj.highlink.service.impl.ShortLinkServiceImpl-查询数据库结果：null
2026-03-07 15:19:58.807 [pool-1-thread-16] INFO  rj.highlink.service.impl.ShortLinkServiceImpl-查询数据库结果：null
2026-03-07 15:19:58.807 [pool-1-thread-14] INFO  rj.highlink.service.impl.ShortLinkServiceImpl-查询数据库结果：null
2026-03-07 15:19:58.807 [pool-1-thread-18] INFO  rj.highlink.service.impl.ShortLinkServiceImpl-查询数据库结果：null
2026-03-07 15:19:58.807 [pool-1-thread-2] INFO  rj.highlink.service.impl.ShortLinkServiceImpl-查询数据库结果：null
2026-03-07 15:19:58.807 [pool-1-thread-1] INFO  rj.highlink.service.impl.ShortLinkServiceImpl-查询数据库结果：null
2026-03-07 15:19:58.930 [pool-1-thread-9] INFO  rj.highlink.service.impl.ShortLinkServiceImpl-插入数据库结果：ShortLinkPo(id=326, shortCode=2pYfIqHELaP, longUrl=https://www.limit-test-1772867998492-11.com, urlHash=762d5fe6c6e4abaac27646a13d16b0f0, status=1, expireTime=2026-03-14T15:19:58.492555800, createTime=2026-03-07T15:19:58.888846200, updateTime=2026-03-07T15:19:58.888846200)
2026-03-07 15:19:58.930 [pool-1-thread-5] INFO  rj.highlink.service.impl.ShortLinkServiceImpl-插入数据库结果：ShortLinkPo(id=319, shortCode=2pYfIqHELaJ, longUrl=https://www.limit-test-1772867998442-7.com, urlHash=6db154c7fea97fa98cf3f0664bcf22c5, status=1, expireTime=2026-03-14T15:19:58.442110500, createTime=2026-03-07T15:19:58.889848700, updateTime=2026-03-07T15:19:58.889848700)
2026-03-07 15:19:58.930 [pool-1-thread-16] INFO  rj.highlink.service.impl.ShortLinkServiceImpl-插入数据库结果：ShortLinkPo(id=320, shortCode=2pYfIqHELaM, longUrl=https://www.limit-test-1772867998384-1.com, urlHash=1df84106f5e06b916f517a7b0ced077a, status=1, expireTime=2026-03-14T15:19:58.389167300, createTime=2026-03-07T15:19:58.888846200, updateTime=2026-03-07T15:19:58.888846200)
2026-03-07 15:19:58.930 [pool-1-thread-19] INFO  rj.highlink.service.impl.ShortLinkServiceImpl-插入数据库结果：ShortLinkPo(id=317, shortCode=2pYfIqHELaO, longUrl=https://www.limit-test-1772867998492-10.com, urlHash=f58cfdda37b43897dd7c276952bea856, status=1, expireTime=2026-03-14T15:19:58.492555800, createTime=2026-03-07T15:19:58.888846200, updateTime=2026-03-07T15:19:58.888846200)
2026-03-07 15:19:58.930 [pool-1-thread-15] INFO  rj.highlink.service.impl.ShortLinkServiceImpl-插入数据库结果：ShortLinkPo(id=315, shortCode=2pYfIqHELaN, longUrl=https://www.limit-test-1772867998384-2.com, urlHash=48f70ef4fe123489da3d2fbdf1217e2f, status=1, expireTime=2026-03-14T15:19:58.389167300, createTime=2026-03-07T15:19:58.888846200, updateTime=2026-03-07T15:19:58.888846200)
2026-03-07 15:19:58.930 [pool-1-thread-1] INFO  rj.highlink.service.impl.ShortLinkServiceImpl-插入数据库结果：ShortLinkPo(id=328, shortCode=2pYfIqHELaH, longUrl=https://www.limit-test-1772867998384-4.com, urlHash=b5f41c0d41e4a6f1074276c3c80c2e98, status=1, expireTime=2026-03-14T15:19:58.389167300, createTime=2026-03-07T15:19:58.888846200, updateTime=2026-03-07T15:19:58.888846200)
2026-03-07 15:19:58.930 [pool-1-thread-20] INFO  rj.highlink.service.impl.ShortLinkServiceImpl-插入数据库结果：ShortLinkPo(id=323, shortCode=2pYfIqHELaE, longUrl=https://www.limit-test-1772867998442-8.com, urlHash=925dee8989213efda2f997f6afe6cec0, status=1, expireTime=2026-03-14T15:19:58.442110500, createTime=2026-03-07T15:19:58.888846200, updateTime=2026-03-07T15:19:58.888846200)
2026-03-07 15:19:58.930 [pool-1-thread-3] INFO  rj.highlink.service.impl.ShortLinkServiceImpl-插入数据库结果：ShortLinkPo(id=314, shortCode=2pYfIqHELaL, longUrl=https://www.limit-test-1772867998442-6.com, urlHash=2eba04bd05d343a0c0f88cac1c3f4e0c, status=1, expireTime=2026-03-14T15:19:58.442110500, createTime=2026-03-07T15:19:58.888846200, updateTime=2026-03-07T15:19:58.888846200)
2026-03-07 15:19:58.930 [pool-1-thread-18] INFO  rj.highlink.service.impl.ShortLinkServiceImpl-插入数据库结果：ShortLinkPo(id=325, shortCode=2pYfIqHELaG, longUrl=https://www.limit-test-1772867998384-0.com, urlHash=3d716252917ad72d42c11660d7d54626, status=1, expireTime=2026-03-14T15:19:58.389167300, createTime=2026-03-07T15:19:58.888846200, updateTime=2026-03-07T15:19:58.888846200)
2026-03-07 15:19:58.930 [pool-1-thread-8] INFO  rj.highlink.service.impl.ShortLinkServiceImpl-插入数据库结果：ShortLinkPo(id=324, shortCode=2pYfIqHELaS, longUrl=https://www.limit-test-1772867998492-13.com, urlHash=ecc51dfc9a444ba8b980adc159e04da8, status=1, expireTime=2026-03-14T15:19:58.492555800, createTime=2026-03-07T15:19:58.888846200, updateTime=2026-03-07T15:19:58.888846200)
2026-03-07 15:19:58.930 [pool-1-thread-12] INFO  rj.highlink.service.impl.ShortLinkServiceImpl-插入数据库结果：ShortLinkPo(id=321, shortCode=2pYfIqHELaF, longUrl=https://www.limit-test-1772867998384-3.com, urlHash=501dea1582645da49f87b37faf8806cb, status=1, expireTime=2026-03-14T15:19:58.389167300, createTime=2026-03-07T15:19:58.888846200, updateTime=2026-03-07T15:19:58.888846200)
2026-03-07 15:19:58.930 [pool-1-thread-14] INFO  rj.highlink.service.impl.ShortLinkServiceImpl-插入数据库结果：ShortLinkPo(id=322, shortCode=2pYfIqHELaK, longUrl=https://www.limit-test-1772867998442-9.com, urlHash=84be758f564ddf86232c3bd2ebe17d68, status=1, expireTime=2026-03-14T15:19:58.442110500, createTime=2026-03-07T15:19:58.888846200, updateTime=2026-03-07T15:19:58.888846200)
2026-03-07 15:19:58.930 [pool-1-thread-2] INFO  rj.highlink.service.impl.ShortLinkServiceImpl-插入数据库结果：ShortLinkPo(id=327, shortCode=2pYfIqHELaI, longUrl=https://www.limit-test-1772867998492-14.com, urlHash=f777c2c6cff8102d99bc6dcb69f782a1, status=1, expireTime=2026-03-14T15:19:58.492555800, createTime=2026-03-07T15:19:58.888846200, updateTime=2026-03-07T15:19:58.888846200)
2026-03-07 15:19:58.930 [pool-1-thread-13] INFO  rj.highlink.service.impl.ShortLinkServiceImpl-插入数据库结果：ShortLinkPo(id=318, shortCode=2pYfIqHELaQ, longUrl=https://www.limit-test-1772867998492-12.com, urlHash=097a6c6b85e99622666d8a0a50e1ecc3, status=1, expireTime=2026-03-14T15:19:58.492555800, createTime=2026-03-07T15:19:58.888846200, updateTime=2026-03-07T15:19:58.888846200)
2026-03-07 15:19:58.930 [pool-1-thread-7] INFO  rj.highlink.service.impl.ShortLinkServiceImpl-插入数据库结果：ShortLinkPo(id=316, shortCode=2pYfIqHELaR, longUrl=https://www.limit-test-1772867998442-5.com, urlHash=ee54ef6af14b1c4fdf7de3be8d55da25, status=1, expireTime=2026-03-14T15:19:58.442110500, createTime=2026-03-07T15:19:58.888846200, updateTime=2026-03-07T15:19:58.888846200)
2026-03-07 15:19:58.942 [pool-1-thread-14] INFO  rj.highlink.service.impl.ShortLinkServiceImpl-写入 Redis 结果：2pYfIqHELaK
2026-03-07 15:19:58.942 [pool-1-thread-5] INFO  rj.highlink.service.impl.ShortLinkServiceImpl-写入 Redis 结果：2pYfIqHELaJ
2026-03-07 15:19:58.942 [pool-1-thread-18] INFO  rj.highlink.service.impl.ShortLinkServiceImpl-写入 Redis 结果：2pYfIqHELaG
2026-03-07 15:19:58.942 [pool-1-thread-8] INFO  rj.highlink.service.impl.ShortLinkServiceImpl-写入 Redis 结果：2pYfIqHELaS
2026-03-07 15:19:58.942 [pool-1-thread-2] INFO  rj.highlink.service.impl.ShortLinkServiceImpl-写入 Redis 结果：2pYfIqHELaI
2026-03-07 15:19:58.943 [pool-1-thread-7] INFO  rj.highlink.service.impl.ShortLinkServiceImpl-写入 Redis 结果：2pYfIqHELaR
2026-03-07 15:19:58.943 [pool-1-thread-20] INFO  rj.highlink.service.impl.ShortLinkServiceImpl-写入 Redis 结果：2pYfIqHELaE
2026-03-07 15:19:58.943 [pool-1-thread-1] INFO  rj.highlink.service.impl.ShortLinkServiceImpl-写入 Redis 结果：2pYfIqHELaH
2026-03-07 15:19:58.943 [pool-1-thread-9] INFO  rj.highlink.service.impl.ShortLinkServiceImpl-写入 Redis 结果：2pYfIqHELaP
2026-03-07 15:19:58.942 [pool-1-thread-3] INFO  rj.highlink.service.impl.ShortLinkServiceImpl-写入 Redis 结果：2pYfIqHELaL
2026-03-07 15:19:58.942 [pool-1-thread-12] INFO  rj.highlink.service.impl.ShortLinkServiceImpl-写入 Redis 结果：2pYfIqHELaF
2026-03-07 15:19:58.942 [pool-1-thread-15] INFO  rj.highlink.service.impl.ShortLinkServiceImpl-写入 Redis 结果：2pYfIqHELaN
2026-03-07 15:19:58.942 [pool-1-thread-16] INFO  rj.highlink.service.impl.ShortLinkServiceImpl-写入 Redis 结果：2pYfIqHELaM
2026-03-07 15:19:58.943 [pool-1-thread-19] INFO  rj.highlink.service.impl.ShortLinkServiceImpl-写入 Redis 结果：2pYfIqHELaO
2026-03-07 15:19:58.943 [pool-1-thread-13] INFO  rj.highlink.service.impl.ShortLinkServiceImpl-写入 Redis 结果：2pYfIqHELaQ
2026-03-07 15:19:59.019 [pool-1-thread-6] INFO  rj.highlink.service.impl.ShortLinkServiceImpl-查询数据库结果：null
2026-03-07 15:19:59.019 [pool-1-thread-14] INFO  rj.highlink.service.impl.ShortLinkServiceImpl-查询数据库结果：null
2026-03-07 15:19:59.019 [pool-1-thread-12] INFO  rj.highlink.service.impl.ShortLinkServiceImpl-查询数据库结果：null
2026-03-07 15:19:59.019 [pool-1-thread-13] INFO  rj.highlink.service.impl.ShortLinkServiceImpl-查询数据库结果：null
2026-03-07 15:19:59.019 [pool-1-thread-16] INFO  rj.highlink.service.impl.ShortLinkServiceImpl-查询数据库结果：null
2026-03-07 15:19:59.019 [pool-1-thread-15] INFO  rj.highlink.service.impl.ShortLinkServiceImpl-查询数据库结果：null
2026-03-07 15:19:59.020 [pool-1-thread-8] INFO  rj.highlink.service.impl.ShortLinkServiceImpl-查询数据库结果：null
2026-03-07 15:19:59.019 [pool-1-thread-5] INFO  rj.highlink.service.impl.ShortLinkServiceImpl-查询数据库结果：null
2026-03-07 15:19:59.019 [pool-1-thread-18] INFO  rj.highlink.service.impl.ShortLinkServiceImpl-查询数据库结果：null
2026-03-07 15:19:59.019 [pool-1-thread-10] INFO  rj.highlink.service.impl.ShortLinkServiceImpl-查询数据库结果：null
2026-03-07 15:19:59.019 [pool-1-thread-9] INFO  rj.highlink.service.impl.ShortLinkServiceImpl-查询数据库结果：null
2026-03-07 15:19:59.019 [pool-1-thread-1] INFO  rj.highlink.service.impl.ShortLinkServiceImpl-查询数据库结果：null
2026-03-07 15:19:59.019 [pool-1-thread-7] INFO  rj.highlink.service.impl.ShortLinkServiceImpl-查询数据库结果：null
2026-03-07 15:19:59.020 [pool-1-thread-4] INFO  rj.highlink.service.impl.ShortLinkServiceImpl-查询数据库结果：null
2026-03-07 15:19:59.020 [pool-1-thread-3] INFO  rj.highlink.service.impl.ShortLinkServiceImpl-查询数据库结果：null
2026-03-07 15:19:59.021 [pool-1-thread-19] INFO  rj.highlink.service.impl.ShortLinkServiceImpl-查询数据库结果：null
2026-03-07 15:19:59.021 [pool-1-thread-20] INFO  rj.highlink.service.impl.ShortLinkServiceImpl-查询数据库结果：null
2026-03-07 15:19:59.022 [pool-1-thread-11] INFO  rj.highlink.service.impl.ShortLinkServiceImpl-查询数据库结果：null
2026-03-07 15:19:59.022 [pool-1-thread-17] INFO  rj.highlink.service.impl.ShortLinkServiceImpl-查询数据库结果：null
2026-03-07 15:19:59.022 [pool-1-thread-2] INFO  rj.highlink.service.impl.ShortLinkServiceImpl-查询数据库结果：null
2026-03-07 15:19:59.030 [pool-1-thread-12] INFO  rj.highlink.service.impl.ShortLinkServiceImpl-插入数据库结果：ShortLinkPo(id=329, shortCode=2pYfIrlGcvM, longUrl=https://www.example.com/test/7, urlHash=9b68216642dc989fda9d71a5ab64d0f0, status=1, expireTime=2026-03-14T15:19:59.015514500, createTime=2026-03-07T15:19:59.023515300, updateTime=2026-03-07T15:19:59.023515300)
2026-03-07 15:19:59.031 [pool-1-thread-12] INFO  rj.highlink.service.impl.ShortLinkServiceImpl-写入 Redis 结果：2pYfIrlGcvM
2026-03-07 15:19:59.033 [pool-1-thread-7] INFO  rj.highlink.service.impl.ShortLinkServiceImpl-插入数据库结果：ShortLinkPo(id=343, shortCode=2pYfIrlXNDW, longUrl=https://www.example.com/test/6, urlHash=2dfb6b98102bbcc30b42deef673941b1, status=1, expireTime=2026-03-14T15:19:59.015514500, createTime=2026-03-07T15:19:59.024514300, updateTime=2026-03-07T15:19:59.024514300)
2026-03-07 15:19:59.033 [pool-1-thread-19] INFO  rj.highlink.service.impl.ShortLinkServiceImpl-插入数据库结果：ShortLinkPo(id=341, shortCode=2pYfIrmfoLU, longUrl=https://www.example.com/test/19, urlHash=c4a1d97320156a6aba8eb607a5b8ce6a, status=1, expireTime=2026-03-14T15:19:59.016513700, createTime=2026-03-07T15:19:59.024514300, updateTime=2026-03-07T15:19:59.024514300)
2026-03-07 15:19:59.033 [pool-1-thread-8] INFO  rj.highlink.service.impl.ShortLinkServiceImpl-插入数据库结果：ShortLinkPo(id=342, shortCode=2pYfIrlXNDQ, longUrl=https://www.example.com/test/12, urlHash=e47275e7b592dea467228a64575893c2, status=1, expireTime=2026-03-14T15:19:59.015514500, createTime=2026-03-07T15:19:59.024514300, updateTime=2026-03-07T15:19:59.024514300)
2026-03-07 15:19:59.033 [pool-1-thread-4] INFO  rj.highlink.service.impl.ShortLinkServiceImpl-插入数据库结果：ShortLinkPo(id=340, shortCode=2pYfIrmfoLS, longUrl=https://www.example.com/test/3, urlHash=7e0622d8138e61ee3a7fbf9e969f9c83, status=1, expireTime=2026-03-14T15:19:59.015514500, createTime=2026-03-07T15:19:59.023515300, updateTime=2026-03-07T15:19:59.023515300)
2026-03-07 15:19:59.033 [pool-1-thread-5] INFO  rj.highlink.service.impl.ShortLinkServiceImpl-插入数据库结果：ShortLinkPo(id=332, shortCode=2pYfIrlXNDR, longUrl=https://www.example.com/test/10, urlHash=9958f9b4158a72bc8fdf719aef718ae2, status=1, expireTime=2026-03-14T15:19:59.015514500, createTime=2026-03-07T15:19:59.023515300, updateTime=2026-03-07T15:19:59.023515300)
2026-03-07 15:19:59.033 [pool-1-thread-3] INFO  rj.highlink.service.impl.ShortLinkServiceImpl-插入数据库结果：ShortLinkPo(id=335, shortCode=2pYfIrmfoLT, longUrl=https://www.example.com/test/17, urlHash=9bea672dc45cbcf5a3e6c7ff142adee9, status=1, expireTime=2026-03-14T15:19:59.016513700, createTime=2026-03-07T15:19:59.023515300, updateTime=2026-03-07T15:19:59.023515300)
2026-03-07 15:19:59.033 [pool-1-thread-18] INFO  rj.highlink.service.impl.ShortLinkServiceImpl-插入数据库结果：ShortLinkPo(id=333, shortCode=2pYfIrlXNDS, longUrl=https://www.example.com/test/15, urlHash=d00c96f3e992d0c27203a714953fe676, status=1, expireTime=2026-03-14T15:19:59.015514500, createTime=2026-03-07T15:19:59.023515300, updateTime=2026-03-07T15:19:59.023515300)
2026-03-07 15:19:59.033 [pool-1-thread-14] INFO  rj.highlink.service.impl.ShortLinkServiceImpl-插入数据库结果：ShortLinkPo(id=338, shortCode=2pYfIrlGcvL, longUrl=https://www.example.com/test/14, urlHash=06bba8e5904bbf0380ef8443240923ce, status=1, expireTime=2026-03-14T15:19:59.015514500, createTime=2026-03-07T15:19:59.022513900, updateTime=2026-03-07T15:19:59.022513900)
2026-03-07 15:19:59.033 [pool-1-thread-6] INFO  rj.highlink.service.impl.ShortLinkServiceImpl-插入数据库结果：ShortLinkPo(id=336, shortCode=2pYfIrlGcvK, longUrl=https://www.example.com/test/4, urlHash=6c23afaff3f187e4ba21e91aff487c97, status=1, expireTime=2026-03-14T15:19:59.015514500, createTime=2026-03-07T15:19:59.023515300, updateTime=2026-03-07T15:19:59.023515300)
2026-03-07 15:19:59.033 [pool-1-thread-9] INFO  rj.highlink.service.impl.ShortLinkServiceImpl-插入数据库结果：ShortLinkPo(id=337, shortCode=2pYfIrlXNDU, longUrl=https://www.example.com/test/5, urlHash=48d3b26adbcfaca16ec19deac86b5860, status=1, expireTime=2026-03-14T15:19:59.015514500, createTime=2026-03-07T15:19:59.023515300, updateTime=2026-03-07T15:19:59.023515300)
2026-03-07 15:19:59.033 [pool-1-thread-15] INFO  rj.highlink.service.impl.ShortLinkServiceImpl-插入数据库结果：ShortLinkPo(id=334, shortCode=2pYfIrlXNDP, longUrl=https://www.example.com/test/8, urlHash=20a10cc45e8d857db8130d3ac86dfa55, status=1, expireTime=2026-03-14T15:19:59.015514500, createTime=2026-03-07T15:19:59.023515300, updateTime=2026-03-07T15:19:59.023515300)
2026-03-07 15:19:59.033 [pool-1-thread-16] INFO  rj.highlink.service.impl.ShortLinkServiceImpl-插入数据库结果：ShortLinkPo(id=339, shortCode=2pYfIrlXNDO, longUrl=https://www.example.com/test/11, urlHash=8c1d47e7b3ab5c2329cbc59f6ce57708, status=1, expireTime=2026-03-14T15:19:59.015514500, createTime=2026-03-07T15:19:59.023515300, updateTime=2026-03-07T15:19:59.023515300)
2026-03-07 15:19:59.033 [pool-1-thread-10] INFO  rj.highlink.service.impl.ShortLinkServiceImpl-插入数据库结果：ShortLinkPo(id=330, shortCode=2pYfIrlXNDT, longUrl=https://www.example.com/test/2, urlHash=9735d6222afea3ebc92084b1526b53e4, status=1, expireTime=2026-03-14T15:19:59.015514500, createTime=2026-03-07T15:19:59.023515300, updateTime=2026-03-07T15:19:59.023515300)
2026-03-07 15:19:59.034 [pool-1-thread-13] INFO  rj.highlink.service.impl.ShortLinkServiceImpl-插入数据库结果：ShortLinkPo(id=331, shortCode=2pYfIrlGcvN, longUrl=https://www.example.com/test/16, urlHash=00973b4cb7d9d49f09bbfc175067958e, status=1, expireTime=2026-03-14T15:19:59.016513700, createTime=2026-03-07T15:19:59.022513900, updateTime=2026-03-07T15:19:59.022513900)
2026-03-07 15:19:59.035 [pool-1-thread-12] INFO  rj.highlink.service.impl.ShortLinkServiceImpl-查询数据库结果：null
2026-03-07 15:19:59.035 [pool-1-thread-20] INFO  rj.highlink.service.impl.ShortLinkServiceImpl-插入数据库结果：ShortLinkPo(id=344, shortCode=2pYfIrmfoLV, longUrl=https://www.example.com/test/18, urlHash=6280ce05d8831851b430727cd8049856, status=1, expireTime=2026-03-14T15:19:59.016513700, createTime=2026-03-07T15:19:59.024514300, updateTime=2026-03-07T15:19:59.024514300)
2026-03-07 15:19:59.036 [pool-1-thread-5] INFO  rj.highlink.service.impl.ShortLinkServiceImpl-写入 Redis 结果：2pYfIrlXNDR
2026-03-07 15:19:59.036 [pool-1-thread-14] INFO  rj.highlink.service.impl.ShortLinkServiceImpl-写入 Redis 结果：2pYfIrlGcvL
2026-03-07 15:19:59.036 [pool-1-thread-19] INFO  rj.highlink.service.impl.ShortLinkServiceImpl-写入 Redis 结果：2pYfIrmfoLU
2026-03-07 15:19:59.036 [pool-1-thread-3] INFO  rj.highlink.service.impl.ShortLinkServiceImpl-写入 Redis 结果：2pYfIrmfoLT
2026-03-07 15:19:59.036 [pool-1-thread-9] INFO  rj.highlink.service.impl.ShortLinkServiceImpl-写入 Redis 结果：2pYfIrlXNDU
2026-03-07 15:19:59.036 [pool-1-thread-4] INFO  rj.highlink.service.impl.ShortLinkServiceImpl-写入 Redis 结果：2pYfIrmfoLS
2026-03-07 15:19:59.036 [pool-1-thread-18] INFO  rj.highlink.service.impl.ShortLinkServiceImpl-写入 Redis 结果：2pYfIrlXNDS
2026-03-07 15:19:59.036 [pool-1-thread-7] INFO  rj.highlink.service.impl.ShortLinkServiceImpl-写入 Redis 结果：2pYfIrlXNDW
2026-03-07 15:19:59.037 [pool-1-thread-10] INFO  rj.highlink.service.impl.ShortLinkServiceImpl-写入 Redis 结果：2pYfIrlXNDT
2026-03-07 15:19:59.037 [pool-1-thread-6] INFO  rj.highlink.service.impl.ShortLinkServiceImpl-写入 Redis 结果：2pYfIrlGcvK
2026-03-07 15:19:59.037 [pool-1-thread-16] INFO  rj.highlink.service.impl.ShortLinkServiceImpl-写入 Redis 结果：2pYfIrlXNDO
2026-03-07 15:19:59.037 [pool-1-thread-15] INFO  rj.highlink.service.impl.ShortLinkServiceImpl-写入 Redis 结果：2pYfIrlXNDP
2026-03-07 15:19:59.037 [pool-1-thread-8] INFO  rj.highlink.service.impl.ShortLinkServiceImpl-写入 Redis 结果：2pYfIrlXNDQ
2026-03-07 15:19:59.037 [pool-1-thread-13] INFO  rj.highlink.service.impl.ShortLinkServiceImpl-写入 Redis 结果：2pYfIrlGcvN
2026-03-07 15:19:59.038 [pool-1-thread-20] INFO  rj.highlink.service.impl.ShortLinkServiceImpl-写入 Redis 结果：2pYfIrmfoLV
2026-03-07 15:19:59.038 [pool-1-thread-11] INFO  rj.highlink.service.impl.ShortLinkServiceImpl-插入数据库结果：ShortLinkPo(id=345, shortCode=2pYfIrmwZTW, longUrl=https://www.example.com/test/0, urlHash=9c689228524d86537b3ba0543d89a942, status=1, expireTime=2026-03-14T15:19:59.015514500, createTime=2026-03-07T15:19:59.025517, updateTime=2026-03-07T15:19:59.025517)
2026-03-07 15:19:59.040 [pool-1-thread-17] INFO  rj.highlink.service.impl.ShortLinkServiceImpl-插入数据库结果：ShortLinkPo(id=347, shortCode=2pYfIrmOB20, longUrl=https://www.example.com/test/1, urlHash=d9aeb2b889d79f119e74570ea69a2b61, status=1, expireTime=2026-03-14T15:19:59.015514500, createTime=2026-03-07T15:19:59.031585500, updateTime=2026-03-07T15:19:59.031585500)
2026-03-07 15:19:59.040 [pool-1-thread-11] INFO  rj.highlink.service.impl.ShortLinkServiceImpl-写入 Redis 结果：2pYfIrmwZTW
2026-03-07 15:19:59.040 [pool-1-thread-1] INFO  rj.highlink.service.impl.ShortLinkServiceImpl-插入数据库结果：ShortLinkPo(id=348, shortCode=2pYfIrlXNDV, longUrl=https://www.example.com/test/9, urlHash=7d60b91cd99421ef2afcc410870fa58d, status=1, expireTime=2026-03-14T15:19:59.015514500, createTime=2026-03-07T15:19:59.024514300, updateTime=2026-03-07T15:19:59.024514300)
2026-03-07 15:19:59.041 [pool-1-thread-2] INFO  rj.highlink.service.impl.ShortLinkServiceImpl-插入数据库结果：ShortLinkPo(id=346, shortCode=2pYfIrmOB21, longUrl=https://www.example.com/test/13, urlHash=034e185e781d397158b74c13a0e1e2b3, status=1, expireTime=2026-03-14T15:19:59.015514500, createTime=2026-03-07T15:19:59.025517, updateTime=2026-03-07T15:19:59.025517)
2026-03-07 15:19:59.041 [pool-1-thread-9] INFO  rj.highlink.service.impl.ShortLinkServiceImpl-查询数据库结果：null
2026-03-07 15:19:59.041 [pool-1-thread-19] INFO  rj.highlink.service.impl.ShortLinkServiceImpl-查询数据库结果：null
2026-03-07 15:19:59.041 [pool-1-thread-5] INFO  rj.highlink.service.impl.ShortLinkServiceImpl-查询数据库结果：null
2026-03-07 15:19:59.041 [pool-1-thread-14] INFO  rj.highlink.service.impl.ShortLinkServiceImpl-查询数据库结果：null
2026-03-07 15:19:59.041 [pool-1-thread-15] INFO  rj.highlink.service.impl.ShortLinkServiceImpl-查询数据库结果：null
2026-03-07 15:19:59.042 [pool-1-thread-16] INFO  rj.highlink.service.impl.ShortLinkServiceImpl-查询数据库结果：null
2026-03-07 15:19:59.042 [pool-1-thread-13] INFO  rj.highlink.service.impl.ShortLinkServiceImpl-查询数据库结果：null
2026-03-07 15:19:59.042 [pool-1-thread-6] INFO  rj.highlink.service.impl.ShortLinkServiceImpl-查询数据库结果：null
2026-03-07 15:19:59.043 [pool-1-thread-4] INFO  rj.highlink.service.impl.ShortLinkServiceImpl-查询数据库结果：null
2026-03-07 15:19:59.042 [pool-1-thread-7] INFO  rj.highlink.service.impl.ShortLinkServiceImpl-查询数据库结果：null
2026-03-07 15:19:59.043 [pool-1-thread-3] INFO  rj.highlink.service.impl.ShortLinkServiceImpl-查询数据库结果：null
2026-03-07 15:19:59.043 [pool-1-thread-18] INFO  rj.highlink.service.impl.ShortLinkServiceImpl-查询数据库结果：null
2026-03-07 15:19:59.043 [pool-1-thread-1] INFO  rj.highlink.service.impl.ShortLinkServiceImpl-写入 Redis 结果：2pYfIrlXNDV
2026-03-07 15:19:59.043 [pool-1-thread-17] INFO  rj.highlink.service.impl.ShortLinkServiceImpl-写入 Redis 结果：2pYfIrmOB20
2026-03-07 15:19:59.043 [pool-1-thread-10] INFO  rj.highlink.service.impl.ShortLinkServiceImpl-查询数据库结果：null
2026-03-07 15:19:59.044 [pool-1-thread-20] INFO  rj.highlink.service.impl.ShortLinkServiceImpl-查询数据库结果：null
2026-03-07 15:19:59.044 [pool-1-thread-2] INFO  rj.highlink.service.impl.ShortLinkServiceImpl-写入 Redis 结果：2pYfIrmOB21
2026-03-07 15:19:59.044 [pool-1-thread-12] INFO  rj.highlink.service.impl.ShortLinkServiceImpl-插入数据库结果：ShortLinkPo(id=349, shortCode=2pYfIrqdMAM, longUrl=https://www.example.com/test/20, urlHash=8ad9f81fe39da094497158b0b7fb0221, status=1, expireTime=2026-03-14T15:19:59.032585600, createTime=2026-03-07T15:19:59.038587200, updateTime=2026-03-07T15:19:59.038587200)
2026-03-07 15:19:59.045 [pool-1-thread-8] INFO  rj.highlink.service.impl.ShortLinkServiceImpl-查询数据库结果：null
2026-03-07 15:19:59.045 [pool-1-thread-11] INFO  rj.highlink.service.impl.ShortLinkServiceImpl-查询数据库结果：null
2026-03-07 15:19:59.049 [pool-1-thread-17] INFO  rj.highlink.service.impl.ShortLinkServiceImpl-查询数据库结果：null
2026-03-07 15:19:59.049 [pool-1-thread-1] INFO  rj.highlink.service.impl.ShortLinkServiceImpl-查询数据库结果：null
2026-03-07 15:19:59.049 [pool-1-thread-12] INFO  rj.highlink.service.impl.ShortLinkServiceImpl-写入 Redis 结果：2pYfIrqdMAM
2026-03-07 15:19:59.050 [pool-1-thread-2] INFO  rj.highlink.service.impl.ShortLinkServiceImpl-查询数据库结果：null
2026-03-07 15:19:59.050 [pool-1-thread-7] INFO  rj.highlink.service.impl.ShortLinkServiceImpl-插入数据库结果：ShortLinkPo(id=350, shortCode=2pYfIrsuzDm, longUrl=https://www.example.com/test/30, urlHash=71c77ed8955dcf485816775538da81ed, status=1, expireTime=2026-03-14T15:19:59.038587200, createTime=2026-03-07T15:19:59.045585200, updateTime=2026-03-07T15:19:59.045585200)
2026-03-07 15:19:59.052 [pool-1-thread-7] INFO  rj.highlink.service.impl.ShortLinkServiceImpl-写入 Redis 结果：2pYfIrsuzDm
2026-03-07 15:19:59.053 [pool-1-thread-18] INFO  rj.highlink.service.impl.ShortLinkServiceImpl-插入数据库结果：ShortLinkPo(id=355, shortCode=2pYfIrsMaLm, longUrl=https://www.example.com/test/27, urlHash=124f3dae88ae9bd6f02a0b91e12ed172, status=1, expireTime=2026-03-14T15:19:59.038587200, createTime=2026-03-07T15:19:59.047585400, updateTime=2026-03-07T15:19:59.047585400)
2026-03-07 15:19:59.053 [pool-1-thread-5] INFO  rj.highlink.service.impl.ShortLinkServiceImpl-插入数据库结果：ShortLinkPo(id=351, shortCode=2pYfIrscYvg, longUrl=https://www.example.com/test/22, urlHash=6e5cf19416c9a3138b4c83d5e4eb5d4e, status=1, expireTime=2026-03-14T15:19:59.037585200, createTime=2026-03-07T15:19:59.044586300, updateTime=2026-03-07T15:19:59.044586300)
2026-03-07 15:19:59.053 [pool-1-thread-4] INFO  rj.highlink.service.impl.ShortLinkServiceImpl-插入数据库结果：ShortLinkPo(id=356, shortCode=2pYfIrsuzDl, longUrl=https://www.example.com/test/26, urlHash=dc1261cc6e39a690479410d91bc36e67, status=1, expireTime=2026-03-14T15:19:59.038587200, createTime=2026-03-07T15:19:59.047585400, updateTime=2026-03-07T15:19:59.047585400)
2026-03-07 15:19:59.053 [pool-1-thread-14] INFO  rj.highlink.service.impl.ShortLinkServiceImpl-插入数据库结果：ShortLinkPo(id=353, shortCode=2pYfIrscYvh, longUrl=https://www.example.com/test/21, urlHash=a12dbd30b0a325764af4cfc82579b5f7, status=1, expireTime=2026-03-14T15:19:59.037585200, createTime=2026-03-07T15:19:59.046586100, updateTime=2026-03-07T15:19:59.046586100)
2026-03-07 15:19:59.053 [pool-1-thread-19] INFO  rj.highlink.service.impl.ShortLinkServiceImpl-插入数据库结果：ShortLinkPo(id=352, shortCode=2pYfIrscYvf, longUrl=https://www.example.com/test/24, urlHash=9b3dedb8b7bb95315ce1729da00f92d9, status=1, expireTime=2026-03-14T15:19:59.038587200, createTime=2026-03-07T15:19:59.044586300, updateTime=2026-03-07T15:19:59.044586300)
2026-03-07 15:19:59.053 [pool-1-thread-10] INFO  rj.highlink.service.impl.ShortLinkServiceImpl-插入数据库结果：ShortLinkPo(id=354, shortCode=2pYfIrsMaLn, longUrl=https://www.example.com/test/28, urlHash=1d307d1211f41db57027d2a50d81326e, status=1, expireTime=2026-03-14T15:19:59.038587200, createTime=2026-03-07T15:19:59.046586100, updateTime=2026-03-07T15:19:59.046586100)
2026-03-07 15:19:59.054 [pool-1-thread-12] INFO  rj.highlink.service.impl.ShortLinkServiceImpl-查询数据库结果：null
2026-03-07 15:19:59.055 [pool-1-thread-6] INFO  rj.highlink.service.impl.ShortLinkServiceImpl-插入数据库结果：ShortLinkPo(id=358, shortCode=2pYfIrsuzDk, longUrl=https://www.example.com/test/29, urlHash=a58ede78c5af11e9dfb4377eef9e2b3a, status=1, expireTime=2026-03-14T15:19:59.038587200, createTime=2026-03-07T15:19:59.046586100, updateTime=2026-03-07T15:19:59.046586100)
2026-03-07 15:19:59.055 [pool-1-thread-14] INFO  rj.highlink.service.impl.ShortLinkServiceImpl-写入 Redis 结果：2pYfIrscYvh
2026-03-07 15:19:59.055 [pool-1-thread-5] INFO  rj.highlink.service.impl.ShortLinkServiceImpl-写入 Redis 结果：2pYfIrscYvg
2026-03-07 15:19:59.055 [pool-1-thread-13] INFO  rj.highlink.service.impl.ShortLinkServiceImpl-插入数据库结果：ShortLinkPo(id=363, shortCode=2pYfIrsuzDj, longUrl=https://www.example.com/test/34, urlHash=0ffcb16e0a90e59dcee01cc08bea5650, status=1, expireTime=2026-03-14T15:19:59.038587200, createTime=2026-03-07T15:19:59.048587100, updateTime=2026-03-07T15:19:59.048587100)
2026-03-07 15:19:59.055 [pool-1-thread-16] INFO  rj.highlink.service.impl.ShortLinkServiceImpl-插入数据库结果：ShortLinkPo(id=361, shortCode=2pYfIrsuzDi, longUrl=https://www.example.com/test/33, urlHash=1a5ed6c99aa44042f3f1db468aaed74e, status=1, expireTime=2026-03-14T15:19:59.038587200, createTime=2026-03-07T15:19:59.047585400, updateTime=2026-03-07T15:19:59.047585400)
2026-03-07 15:19:59.055 [pool-1-thread-15] INFO  rj.highlink.service.impl.ShortLinkServiceImpl-插入数据库结果：ShortLinkPo(id=357, shortCode=2pYfIrscYvi, longUrl=https://www.example.com/test/31, urlHash=43a54ee45e9930bd0cb759be818709f8, status=1, expireTime=2026-03-14T15:19:59.038587200, createTime=2026-03-07T15:19:59.047585400, updateTime=2026-03-07T15:19:59.047585400)
2026-03-07 15:19:59.055 [pool-1-thread-4] INFO  rj.highlink.service.impl.ShortLinkServiceImpl-写入 Redis 结果：2pYfIrsuzDl
2026-03-07 15:19:59.055 [pool-1-thread-18] INFO  rj.highlink.service.impl.ShortLinkServiceImpl-写入 Redis 结果：2pYfIrsMaLm
2026-03-07 15:19:59.055 [pool-1-thread-19] INFO  rj.highlink.service.impl.ShortLinkServiceImpl-写入 Redis 结果：2pYfIrscYvf
2026-03-07 15:19:59.055 [pool-1-thread-9] INFO  rj.highlink.service.impl.ShortLinkServiceImpl-插入数据库结果：ShortLinkPo(id=359, shortCode=2pYfIrscYve, longUrl=https://www.example.com/test/25, urlHash=6fd5522adcff0f881371d438287d2e08, status=1, expireTime=2026-03-14T15:19:59.038587200, createTime=2026-03-07T15:19:59.046586100, updateTime=2026-03-07T15:19:59.046586100)
2026-03-07 15:19:59.055 [pool-1-thread-20] INFO  rj.highlink.service.impl.ShortLinkServiceImpl-插入数据库结果：ShortLinkPo(id=362, shortCode=2pYfIrsMaLo, longUrl=https://www.example.com/test/35, urlHash=7f58db7711962dbd65acbddf058b4f68, status=1, expireTime=2026-03-14T15:19:59.040586600, createTime=2026-03-07T15:19:59.047585400, updateTime=2026-03-07T15:19:59.047585400)
2026-03-07 15:19:59.055 [pool-1-thread-3] INFO  rj.highlink.service.impl.ShortLinkServiceImpl-插入数据库结果：ShortLinkPo(id=360, shortCode=2pYfIrsuzDn, longUrl=https://www.example.com/test/23, urlHash=55560abe5981b3a5e1e1916125527c92, status=1, expireTime=2026-03-14T15:19:59.037585200, createTime=2026-03-07T15:19:59.047585400, updateTime=2026-03-07T15:19:59.047585400)
2026-03-07 15:19:59.055 [pool-1-thread-10] INFO  rj.highlink.service.impl.ShortLinkServiceImpl-写入 Redis 结果：2pYfIrsMaLn
2026-03-07 15:19:59.056 [pool-1-thread-7] INFO  rj.highlink.service.impl.ShortLinkServiceImpl-查询数据库结果：null
2026-03-07 15:19:59.058 [pool-1-thread-11] INFO  rj.highlink.service.impl.ShortLinkServiceImpl-插入数据库结果：ShortLinkPo(id=364, shortCode=2pYfIrtCY9z, longUrl=https://www.example.com/test/36, urlHash=9e76f5ad8339919bfedecd26f8fb1339, status=1, expireTime=2026-03-14T15:19:59.042586, createTime=2026-03-07T15:19:59.049585800, updateTime=2026-03-07T15:19:59.049585800)
2026-03-07 15:19:59.057 [pool-1-thread-8] INFO  rj.highlink.service.impl.ShortLinkServiceImpl-插入数据库结果：ShortLinkPo(id=365, shortCode=2pYfIrtCY9y, longUrl=https://www.example.com/test/32, urlHash=13585d77ca4e30d4ae824d4047b4b056, status=1, expireTime=2026-03-14T15:19:59.038587200, createTime=2026-03-07T15:19:59.050586, updateTime=2026-03-07T15:19:59.050586)
2026-03-07 15:19:59.058 [pool-1-thread-6] INFO  rj.highlink.service.impl.ShortLinkServiceImpl-写入 Redis 结果：2pYfIrsuzDk
2026-03-07 15:19:59.058 [pool-1-thread-13] INFO  rj.highlink.service.impl.ShortLinkServiceImpl-写入 Redis 结果：2pYfIrsuzDj
2026-03-07 15:19:59.058 [pool-1-thread-15] INFO  rj.highlink.service.impl.ShortLinkServiceImpl-写入 Redis 结果：2pYfIrscYvi
2026-03-07 15:19:59.059 [pool-1-thread-16] INFO  rj.highlink.service.impl.ShortLinkServiceImpl-写入 Redis 结果：2pYfIrsuzDi
2026-03-07 15:19:59.059 [pool-1-thread-9] INFO  rj.highlink.service.impl.ShortLinkServiceImpl-写入 Redis 结果：2pYfIrscYve
2026-03-07 15:19:59.059 [pool-1-thread-3] INFO  rj.highlink.service.impl.ShortLinkServiceImpl-写入 Redis 结果：2pYfIrsuzDn
2026-03-07 15:19:59.059 [pool-1-thread-20] INFO  rj.highlink.service.impl.ShortLinkServiceImpl-写入 Redis 结果：2pYfIrsMaLo
2026-03-07 15:19:59.060 [pool-1-thread-5] INFO  rj.highlink.service.impl.ShortLinkServiceImpl-查询数据库结果：null
2026-03-07 15:19:59.060 [pool-1-thread-4] INFO  rj.highlink.service.impl.ShortLinkServiceImpl-查询数据库结果：null
2026-03-07 15:19:59.060 [pool-1-thread-19] INFO  rj.highlink.service.impl.ShortLinkServiceImpl-查询数据库结果：null
2026-03-07 15:19:59.060 [pool-1-thread-14] INFO  rj.highlink.service.impl.ShortLinkServiceImpl-查询数据库结果：null
2026-03-07 15:19:59.061 [pool-1-thread-18] INFO  rj.highlink.service.impl.ShortLinkServiceImpl-查询数据库结果：null
2026-03-07 15:19:59.061 [pool-1-thread-11] INFO  rj.highlink.service.impl.ShortLinkServiceImpl-写入 Redis 结果：2pYfIrtCY9z
2026-03-07 15:19:59.061 [pool-1-thread-8] INFO  rj.highlink.service.impl.ShortLinkServiceImpl-写入 Redis 结果：2pYfIrtCY9y
2026-03-07 15:19:59.063 [pool-1-thread-15] INFO  rj.highlink.service.impl.ShortLinkServiceImpl-查询数据库结果：null
2026-03-07 15:19:59.063 [pool-1-thread-1] INFO  rj.highlink.service.impl.ShortLinkServiceImpl-插入数据库结果：ShortLinkPo(id=367, shortCode=2pYfIrucapH, longUrl=https://www.example.com/test/38, urlHash=7b59c25257ec0158420098c83613d7a7, status=1, expireTime=2026-03-14T15:19:59.045585200, createTime=2026-03-07T15:19:59.052607600, updateTime=2026-03-07T15:19:59.052607600)
2026-03-07 15:19:59.063 [pool-1-thread-10] INFO  rj.highlink.service.impl.ShortLinkServiceImpl-查询数据库结果：null
2026-03-07 15:19:59.064 [pool-1-thread-13] INFO  rj.highlink.service.impl.ShortLinkServiceImpl-查询数据库结果：null
2026-03-07 15:19:59.064 [pool-1-thread-20] INFO  rj.highlink.service.impl.ShortLinkServiceImpl-查询数据库结果：null
2026-03-07 15:19:59.064 [pool-1-thread-17] INFO  rj.highlink.service.impl.ShortLinkServiceImpl-插入数据库结果：ShortLinkPo(id=366, shortCode=2pYfIrucapG, longUrl=https://www.example.com/test/37, urlHash=3bf528f0739de8c8c37855b8be09e306, status=1, expireTime=2026-03-14T15:19:59.045585200, createTime=2026-03-07T15:19:59.052607600, updateTime=2026-03-07T15:19:59.052607600)
2026-03-07 15:19:59.064 [pool-1-thread-3] INFO  rj.highlink.service.impl.ShortLinkServiceImpl-查询数据库结果：null
2026-03-07 15:19:59.064 [pool-1-thread-6] INFO  rj.highlink.service.impl.ShortLinkServiceImpl-查询数据库结果：null
2026-03-07 15:19:59.064 [pool-1-thread-16] INFO  rj.highlink.service.impl.ShortLinkServiceImpl-查询数据库结果：null
2026-03-07 15:19:59.064 [pool-1-thread-2] INFO  rj.highlink.service.impl.ShortLinkServiceImpl-插入数据库结果：ShortLinkPo(id=368, shortCode=2pYfIrutLxK, longUrl=https://www.example.com/test/39, urlHash=70c86464ddeba60060ee3b7e4acf669b, status=1, expireTime=2026-03-14T15:19:59.046586100, createTime=2026-03-07T15:19:59.053584900, updateTime=2026-03-07T15:19:59.053584900)
2026-03-07 15:19:59.065 [pool-1-thread-11] INFO  rj.highlink.service.impl.ShortLinkServiceImpl-查询数据库结果：null
2026-03-07 15:19:59.065 [pool-1-thread-9] INFO  rj.highlink.service.impl.ShortLinkServiceImpl-查询数据库结果：null
2026-03-07 15:19:59.065 [pool-1-thread-8] INFO  rj.highlink.service.impl.ShortLinkServiceImpl-查询数据库结果：null
2026-03-07 15:19:59.066 [pool-1-thread-1] INFO  rj.highlink.service.impl.ShortLinkServiceImpl-写入 Redis 结果：2pYfIrucapH
2026-03-07 15:19:59.066 [pool-1-thread-12] INFO  rj.highlink.service.impl.ShortLinkServiceImpl-插入数据库结果：ShortLinkPo(id=369, shortCode=2pYfIrvCa40, longUrl=https://www.example.com/test/40, urlHash=476eb5f0bc3c341c125f9b1b23a8f588, status=1, expireTime=2026-03-14T15:19:59.050586, createTime=2026-03-07T15:19:59.057587100, updateTime=2026-03-07T15:19:59.057587100)
2026-03-07 15:19:59.066 [pool-1-thread-17] INFO  rj.highlink.service.impl.ShortLinkServiceImpl-写入 Redis 结果：2pYfIrucapG
2026-03-07 15:19:59.066 [pool-1-thread-2] INFO  rj.highlink.service.impl.ShortLinkServiceImpl-写入 Redis 结果：2pYfIrutLxK
2026-03-07 15:19:59.068 [pool-1-thread-12] INFO  rj.highlink.service.impl.ShortLinkServiceImpl-写入 Redis 结果：2pYfIrvCa40
2026-03-07 15:19:59.068 [pool-1-thread-14] INFO  rj.highlink.service.impl.ShortLinkServiceImpl-插入数据库结果：ShortLinkPo(id=371, shortCode=2pYfIrxBlYs, longUrl=https://www.example.com/test/44, urlHash=81949061f42c16a37964c93aa37f716e, status=1, expireTime=2026-03-14T15:19:59.057587100, createTime=2026-03-07T15:19:59.062586600, updateTime=2026-03-07T15:19:59.062586600)
2026-03-07 15:19:59.069 [pool-1-thread-7] INFO  rj.highlink.service.impl.ShortLinkServiceImpl-插入数据库结果：ShortLinkPo(id=370, shortCode=2pYfIrwbmk8, longUrl=https://www.example.com/test/41, urlHash=33dfefc925af9d97ee7dfccea45de46c, status=1, expireTime=2026-03-14T15:19:59.053584900, createTime=2026-03-07T15:19:59.061586400, updateTime=2026-03-07T15:19:59.061586400)
2026-03-07 15:19:59.070 [pool-1-thread-14] INFO  rj.highlink.service.impl.ShortLinkServiceImpl-写入 Redis 结果：2pYfIrxBlYs
2026-03-07 15:19:59.070 [pool-1-thread-1] INFO  rj.highlink.service.impl.ShortLinkServiceImpl-查询数据库结果：null
2026-03-07 15:19:59.070 [pool-1-thread-17] INFO  rj.highlink.service.impl.ShortLinkServiceImpl-查询数据库结果：null
2026-03-07 15:19:59.070 [pool-1-thread-7] INFO  rj.highlink.service.impl.ShortLinkServiceImpl-写入 Redis 结果：2pYfIrwbmk8
2026-03-07 15:19:59.071 [pool-1-thread-12] INFO  rj.highlink.service.impl.ShortLinkServiceImpl-查询数据库结果：null
2026-03-07 15:19:59.071 [pool-1-thread-2] INFO  rj.highlink.service.impl.ShortLinkServiceImpl-查询数据库结果：null
2026-03-07 15:19:59.071 [pool-1-thread-18] INFO  rj.highlink.service.impl.ShortLinkServiceImpl-插入数据库结果：ShortLinkPo(id=375, shortCode=2pYfIrxBlYt, longUrl=https://www.example.com/test/45, urlHash=f44f27cdc8baae2872c7be17e312eb20, status=1, expireTime=2026-03-14T15:19:59.057587100, createTime=2026-03-07T15:19:59.063585100, updateTime=2026-03-07T15:19:59.063585100)
2026-03-07 15:19:59.071 [pool-1-thread-4] INFO  rj.highlink.service.impl.ShortLinkServiceImpl-插入数据库结果：ShortLinkPo(id=372, shortCode=2pYfIrxjKQp, longUrl=https://www.example.com/test/42, urlHash=56713547d6a5f0e979cf97169067a567, status=1, expireTime=2026-03-14T15:19:59.057587100, createTime=2026-03-07T15:19:59.062586600, updateTime=2026-03-07T15:19:59.062586600)
2026-03-07 15:19:59.071 [pool-1-thread-19] INFO  rj.highlink.service.impl.ShortLinkServiceImpl-插入数据库结果：ShortLinkPo(id=373, shortCode=2pYfIrxjKQq, longUrl=https://www.example.com/test/46, urlHash=367540190df3580b1baeadf7dbed772b, status=1, expireTime=2026-03-14T15:19:59.057587100, createTime=2026-03-07T15:19:59.062586600, updateTime=2026-03-07T15:19:59.062586600)
2026-03-07 15:19:59.071 [pool-1-thread-5] INFO  rj.highlink.service.impl.ShortLinkServiceImpl-插入数据库结果：ShortLinkPo(id=374, shortCode=2pYfIrxjKQo, longUrl=https://www.example.com/test/43, urlHash=fd7b859a5ad618445f63702c98e17477, status=1, expireTime=2026-03-14T15:19:59.057587100, createTime=2026-03-07T15:19:59.064586, updateTime=2026-03-07T15:19:59.064586)
2026-03-07 15:19:59.073 [pool-1-thread-14] INFO  rj.highlink.service.impl.ShortLinkServiceImpl-查询数据库结果：null
2026-03-07 15:19:59.073 [pool-1-thread-5] INFO  rj.highlink.service.impl.ShortLinkServiceImpl-写入 Redis 结果：2pYfIrxjKQo
2026-03-07 15:19:59.073 [pool-1-thread-18] INFO  rj.highlink.service.impl.ShortLinkServiceImpl-写入 Redis 结果：2pYfIrxBlYt
2026-03-07 15:19:59.073 [pool-1-thread-19] INFO  rj.highlink.service.impl.ShortLinkServiceImpl-写入 Redis 结果：2pYfIrxjKQq
2026-03-07 15:19:59.073 [pool-1-thread-4] INFO  rj.highlink.service.impl.ShortLinkServiceImpl-写入 Redis 结果：2pYfIrxjKQp
2026-03-07 15:19:59.073 [pool-1-thread-13] INFO  rj.highlink.service.impl.ShortLinkServiceImpl-插入数据库结果：ShortLinkPo(id=376, shortCode=2pYfIrys9mF, longUrl=https://www.example.com/test/50, urlHash=f743a94efc817d7d5bc651cdb84ea4f1, status=1, expireTime=2026-03-14T15:19:59.060585200, createTime=2026-03-07T15:19:59.066586700, updateTime=2026-03-07T15:19:59.066586700)
2026-03-07 15:19:59.073 [pool-1-thread-10] INFO  rj.highlink.service.impl.ShortLinkServiceImpl-插入数据库结果：ShortLinkPo(id=377, shortCode=2pYfIrys9mE, longUrl=https://www.example.com/test/47, urlHash=89729a9f1d538245e5feb44da28febfe, status=1, expireTime=2026-03-14T15:19:59.059584900, createTime=2026-03-07T15:19:59.066586700, updateTime=2026-03-07T15:19:59.066586700)
2026-03-07 15:19:59.073 [pool-1-thread-7] INFO  rj.highlink.service.impl.ShortLinkServiceImpl-查询数据库结果：null
2026-03-07 15:19:59.073 [pool-1-thread-16] INFO  rj.highlink.service.impl.ShortLinkServiceImpl-插入数据库结果：ShortLinkPo(id=379, shortCode=2pYfIryJKuL, longUrl=https://www.example.com/test/52, urlHash=ca0edaa9f85e0f938bf377a27ca15d28, status=1, expireTime=2026-03-14T15:19:59.060585200, createTime=2026-03-07T15:19:59.067585700, updateTime=2026-03-07T15:19:59.067585700)
2026-03-07 15:19:59.073 [pool-1-thread-15] INFO  rj.highlink.service.impl.ShortLinkServiceImpl-插入数据库结果：ShortLinkPo(id=378, shortCode=2pYfIryayeA, longUrl=https://www.example.com/test/49, urlHash=180a1d760e24401cb31bfe8237396f56, status=1, expireTime=2026-03-14T15:19:59.060585200, createTime=2026-03-07T15:19:59.065585, updateTime=2026-03-07T15:19:59.065585)
2026-03-07 15:19:59.075 [pool-1-thread-13] INFO  rj.highlink.service.impl.ShortLinkServiceImpl-写入 Redis 结果：2pYfIrys9mF
2026-03-07 15:19:59.075 [pool-1-thread-16] INFO  rj.highlink.service.impl.ShortLinkServiceImpl-写入 Redis 结果：2pYfIryJKuL
2026-03-07 15:19:59.076 [pool-1-thread-9] INFO  rj.highlink.service.impl.ShortLinkServiceImpl-插入数据库结果：ShortLinkPo(id=380, shortCode=2pYfIryJKuN, longUrl=https://www.example.com/test/54, urlHash=ecaa5b4f7247d7e704058ffecd4d2e22, status=1, expireTime=2026-03-14T15:19:59.061586400, createTime=2026-03-07T15:19:59.067585700, updateTime=2026-03-07T15:19:59.067585700)
2026-03-07 15:19:59.075 [pool-1-thread-15] INFO  rj.highlink.service.impl.ShortLinkServiceImpl-写入 Redis 结果：2pYfIryayeA
2026-03-07 15:19:59.075 [pool-1-thread-20] INFO  rj.highlink.service.impl.ShortLinkServiceImpl-插入数据库结果：ShortLinkPo(id=384, shortCode=2pYfIryJKuI, longUrl=https://www.example.com/test/53, urlHash=53d60428eb10a34d84b9146e772e8eed, status=1, expireTime=2026-03-14T15:19:59.061586400, createTime=2026-03-07T15:19:59.069584200, updateTime=2026-03-07T15:19:59.069584200)
2026-03-07 15:19:59.076 [pool-1-thread-8] INFO  rj.highlink.service.impl.ShortLinkServiceImpl-插入数据库结果：ShortLinkPo(id=381, shortCode=2pYfIrz1lCM, longUrl=https://www.example.com/test/56, urlHash=e4394af045ac050ae93026d0667611f7, status=1, expireTime=2026-03-14T15:19:59.063585100, createTime=2026-03-07T15:19:59.067585700, updateTime=2026-03-07T15:19:59.067585700)
2026-03-07 15:19:59.075 [pool-1-thread-10] INFO  rj.highlink.service.impl.ShortLinkServiceImpl-写入 Redis 结果：2pYfIrys9mE
2026-03-07 15:19:59.076 [pool-1-thread-11] INFO  rj.highlink.service.impl.ShortLinkServiceImpl-插入数据库结果：ShortLinkPo(id=382, shortCode=2pYfIryJKuM, longUrl=https://www.example.com/test/55, urlHash=0b418ed9c474edae40330fe4fb9df2d7, status=1, expireTime=2026-03-14T15:19:59.062586600, createTime=2026-03-07T15:19:59.068586200, updateTime=2026-03-07T15:19:59.068586200)
2026-03-07 15:19:59.076 [pool-1-thread-6] INFO  rj.highlink.service.impl.ShortLinkServiceImpl-插入数据库结果：ShortLinkPo(id=383, shortCode=2pYfIryJKuK, longUrl=https://www.example.com/test/48, urlHash=60eb81cc70742301e761149d2cd584ea, status=1, expireTime=2026-03-14T15:19:59.060585200, createTime=2026-03-07T15:19:59.068586200, updateTime=2026-03-07T15:19:59.068586200)
2026-03-07 15:19:59.077 [pool-1-thread-5] INFO  rj.highlink.service.impl.ShortLinkServiceImpl-查询数据库结果：null
2026-03-07 15:19:59.077 [pool-1-thread-4] INFO  rj.highlink.service.impl.ShortLinkServiceImpl-查询数据库结果：null
2026-03-07 15:19:59.077 [pool-1-thread-18] INFO  rj.highlink.service.impl.ShortLinkServiceImpl-查询数据库结果：null
2026-03-07 15:19:59.077 [pool-1-thread-19] INFO  rj.highlink.service.impl.ShortLinkServiceImpl-查询数据库结果：null
2026-03-07 15:19:59.078 [pool-1-thread-6] INFO  rj.highlink.service.impl.ShortLinkServiceImpl-写入 Redis 结果：2pYfIryJKuK
2026-03-07 15:19:59.078 [pool-1-thread-11] INFO  rj.highlink.service.impl.ShortLinkServiceImpl-写入 Redis 结果：2pYfIryJKuM
2026-03-07 15:19:59.078 [pool-1-thread-20] INFO  rj.highlink.service.impl.ShortLinkServiceImpl-写入 Redis 结果：2pYfIryJKuI
2026-03-07 15:19:59.078 [pool-1-thread-9] INFO  rj.highlink.service.impl.ShortLinkServiceImpl-写入 Redis 结果：2pYfIryJKuN
2026-03-07 15:19:59.078 [pool-1-thread-8] INFO  rj.highlink.service.impl.ShortLinkServiceImpl-写入 Redis 结果：2pYfIrz1lCM
2026-03-07 15:19:59.079 [pool-1-thread-3] INFO  rj.highlink.service.impl.ShortLinkServiceImpl-插入数据库结果：ShortLinkPo(id=385, shortCode=2pYfIryJKuJ, longUrl=https://www.example.com/test/51, urlHash=0f22595cbb7b40260b2afeee7cb84070, status=1, expireTime=2026-03-14T15:19:59.060585200, createTime=2026-03-07T15:19:59.070586800, updateTime=2026-03-07T15:19:59.070586800)
2026-03-07 15:19:59.079 [pool-1-thread-16] INFO  rj.highlink.service.impl.ShortLinkServiceImpl-查询数据库结果：null
2026-03-07 15:19:59.079 [pool-1-thread-15] INFO  rj.highlink.service.impl.ShortLinkServiceImpl-查询数据库结果：null
2026-03-07 15:19:59.079 [pool-1-thread-13] INFO  rj.highlink.service.impl.ShortLinkServiceImpl-查询数据库结果：null
2026-03-07 15:19:59.079 [pool-1-thread-10] INFO  rj.highlink.service.impl.ShortLinkServiceImpl-查询数据库结果：null
2026-03-07 15:19:59.080 [pool-1-thread-3] INFO  rj.highlink.service.impl.ShortLinkServiceImpl-写入 Redis 结果：2pYfIryJKuJ
2026-03-07 15:19:59.082 [pool-1-thread-7] INFO  rj.highlink.service.impl.ShortLinkServiceImpl-插入数据库结果：ShortLinkPo(id=390, shortCode=2pYfIrB0xxf, longUrl=https://www.example.com/test/62, urlHash=c587d2e0817a01f5a9adae617fb5c7c8, status=1, expireTime=2026-03-14T15:19:59.071585700, createTime=2026-03-07T15:19:59.076646200, updateTime=2026-03-07T15:19:59.076646200)
2026-03-07 15:19:59.082 [pool-1-thread-2] INFO  rj.highlink.service.impl.ShortLinkServiceImpl-插入数据库结果：ShortLinkPo(id=388, shortCode=2pYfIrArlh7, longUrl=https://www.example.com/test/59, urlHash=3d9cb63a9bc4e8e23b2e80d26e57c582, status=1, expireTime=2026-03-14T15:19:59.068586200, createTime=2026-03-07T15:19:59.073586300, updateTime=2026-03-07T15:19:59.073586300)
2026-03-07 15:19:59.083 [pool-1-thread-17] INFO  rj.highlink.service.impl.ShortLinkServiceImpl-插入数据库结果：ShortLinkPo(id=389, shortCode=2pYfIrA9K93, longUrl=https://www.example.com/test/58, urlHash=3e9d15b2320c2307affa96e4ab1114b3, status=1, expireTime=2026-03-14T15:19:59.068586200, createTime=2026-03-07T15:19:59.072588500, updateTime=2026-03-07T15:19:59.072588500)
2026-03-07 15:19:59.082 [pool-1-thread-1] INFO  rj.highlink.service.impl.ShortLinkServiceImpl-插入数据库结果：ShortLinkPo(id=387, shortCode=2pYfIrA9K92, longUrl=https://www.example.com/test/57, urlHash=aab30189bd3520f8a472f657f8c54557, status=1, expireTime=2026-03-14T15:19:59.067585700, createTime=2026-03-07T15:19:59.072588500, updateTime=2026-03-07T15:19:59.072588500)
2026-03-07 15:19:59.083 [pool-1-thread-12] INFO  rj.highlink.service.impl.ShortLinkServiceImpl-插入数据库结果：ShortLinkPo(id=386, shortCode=2pYfIrArlh6, longUrl=https://www.example.com/test/60, urlHash=5f52ddd7311ec9d91f4bc4ab48dee4ca, status=1, expireTime=2026-03-14T15:19:59.069584200, createTime=2026-03-07T15:19:59.072588500, updateTime=2026-03-07T15:19:59.072588500)
2026-03-07 15:19:59.083 [pool-1-thread-14] INFO  rj.highlink.service.impl.ShortLinkServiceImpl-插入数据库结果：ShortLinkPo(id=391, shortCode=2pYfIrB0xxe, longUrl=https://www.example.com/test/61, urlHash=2083fa3bc30b25025412491b75978dff, status=1, expireTime=2026-03-14T15:19:59.071585700, createTime=2026-03-07T15:19:59.075585100, updateTime=2026-03-07T15:19:59.075585100)
2026-03-07 15:19:59.083 [pool-1-thread-9] INFO  rj.highlink.service.impl.ShortLinkServiceImpl-查询数据库结果：null
2026-03-07 15:19:59.083 [pool-1-thread-6] INFO  rj.highlink.service.impl.ShortLinkServiceImpl-查询数据库结果：null
2026-03-07 15:19:59.083 [pool-1-thread-11] INFO  rj.highlink.service.impl.ShortLinkServiceImpl-查询数据库结果：null
2026-03-07 15:19:59.083 [pool-1-thread-8] INFO  rj.highlink.service.impl.ShortLinkServiceImpl-查询数据库结果：null
2026-03-07 15:19:59.084 [pool-1-thread-4] INFO  rj.highlink.service.impl.ShortLinkServiceImpl-插入数据库结果：ShortLinkPo(id=392, shortCode=2pYfIrC8W3v, longUrl=https://www.example.com/test/64, urlHash=1b00f0becbb8315e65d91e3e7ed14784, status=1, expireTime=2026-03-14T15:19:59.074587900, createTime=2026-03-07T15:19:59.078585800, updateTime=2026-03-07T15:19:59.078585800)
2026-03-07 15:19:59.084 [pool-1-thread-7] INFO  rj.highlink.service.impl.ShortLinkServiceImpl-写入 Redis 结果：2pYfIrB0xxf
2026-03-07 15:19:59.084 [pool-1-thread-2] INFO  rj.highlink.service.impl.ShortLinkServiceImpl-写入 Redis 结果：2pYfIrArlh7
2026-03-07 15:19:59.084 [pool-1-thread-17] INFO  rj.highlink.service.impl.ShortLinkServiceImpl-写入 Redis 结果：2pYfIrA9K93
2026-03-07 15:19:59.085 [pool-1-thread-12] INFO  rj.highlink.service.impl.ShortLinkServiceImpl-写入 Redis 结果：2pYfIrArlh6
2026-03-07 15:19:59.084 [pool-1-thread-20] INFO  rj.highlink.service.impl.ShortLinkServiceImpl-查询数据库结果：null
2026-03-07 15:19:59.084 [pool-1-thread-14] INFO  rj.highlink.service.impl.ShortLinkServiceImpl-写入 Redis 结果：2pYfIrB0xxe
2026-03-07 15:19:59.085 [pool-1-thread-1] INFO  rj.highlink.service.impl.ShortLinkServiceImpl-写入 Redis 结果：2pYfIrA9K92
2026-03-07 15:19:59.085 [pool-1-thread-3] INFO  rj.highlink.service.impl.ShortLinkServiceImpl-查询数据库结果：null
2026-03-07 15:19:59.086 [pool-1-thread-4] INFO  rj.highlink.service.impl.ShortLinkServiceImpl-写入 Redis 结果：2pYfIrC8W3v
2026-03-07 15:19:59.087 [pool-1-thread-5] INFO  rj.highlink.service.impl.ShortLinkServiceImpl-插入数据库结果：ShortLinkPo(id=393, shortCode=2pYfIrC8W3u, longUrl=https://www.example.com/test/65, urlHash=40ed4cbfac1c39a7cf2dbbda4e2e31c4, status=1, expireTime=2026-03-14T15:19:59.074587900, createTime=2026-03-07T15:19:59.079586300, updateTime=2026-03-07T15:19:59.079586300)
2026-03-07 15:19:59.087 [pool-1-thread-18] INFO  rj.highlink.service.impl.ShortLinkServiceImpl-插入数据库结果：ShortLinkPo(id=394, shortCode=2pYfIrC8W3w, longUrl=https://www.example.com/test/63, urlHash=f25092546f1b4452f7741ea727d8e9b5, status=1, expireTime=2026-03-14T15:19:59.074587900, createTime=2026-03-07T15:19:59.079586300, updateTime=2026-03-07T15:19:59.079586300)
2026-03-07 15:19:59.087 [pool-1-thread-19] INFO  rj.highlink.service.impl.ShortLinkServiceImpl-插入数据库结果：ShortLinkPo(id=395, shortCode=2pYfIrC8W3x, longUrl=https://www.example.com/test/66, urlHash=28681b3c22c9a3fc28d5561a1601d459, status=1, expireTime=2026-03-14T15:19:59.074587900, createTime=2026-03-07T15:19:59.079586300, updateTime=2026-03-07T15:19:59.079586300)
2026-03-07 15:19:59.088 [pool-1-thread-7] INFO  rj.highlink.service.impl.ShortLinkServiceImpl-查询数据库结果：null
2026-03-07 15:19:59.088 [pool-1-thread-5] INFO  rj.highlink.service.impl.ShortLinkServiceImpl-写入 Redis 结果：2pYfIrC8W3u
2026-03-07 15:19:59.088 [pool-1-thread-17] INFO  rj.highlink.service.impl.ShortLinkServiceImpl-查询数据库结果：null
2026-03-07 15:19:59.089 [pool-1-thread-19] INFO  rj.highlink.service.impl.ShortLinkServiceImpl-写入 Redis 结果：2pYfIrC8W3x
2026-03-07 15:19:59.089 [pool-1-thread-18] INFO  rj.highlink.service.impl.ShortLinkServiceImpl-写入 Redis 结果：2pYfIrC8W3w
2026-03-07 15:19:59.089 [pool-1-thread-10] INFO  rj.highlink.service.impl.ShortLinkServiceImpl-插入数据库结果：ShortLinkPo(id=396, shortCode=2pYfIrCI8jF, longUrl=https://www.example.com/test/70, urlHash=76a417f610108781feecfe7eb998ece9, status=1, expireTime=2026-03-14T15:19:59.077586200, createTime=2026-03-07T15:19:59.080588800, updateTime=2026-03-07T15:19:59.080588800)
2026-03-07 15:19:59.089 [pool-1-thread-14] INFO  rj.highlink.service.impl.ShortLinkServiceImpl-查询数据库结果：null
2026-03-07 15:19:59.089 [pool-1-thread-15] INFO  rj.highlink.service.impl.ShortLinkServiceImpl-插入数据库结果：ShortLinkPo(id=398, shortCode=2pYfIrCI8jD, longUrl=https://www.example.com/test/68, urlHash=f7c982d717b94893f3492576ebb36a64, status=1, expireTime=2026-03-14T15:19:59.077586200, createTime=2026-03-07T15:19:59.083041800, updateTime=2026-03-07T15:19:59.083041800)
2026-03-07 15:19:59.089 [pool-1-thread-2] INFO  rj.highlink.service.impl.ShortLinkServiceImpl-查询数据库结果：null
2026-03-07 15:19:59.089 [pool-1-thread-12] INFO  rj.highlink.service.impl.ShortLinkServiceImpl-查询数据库结果：null
2026-03-07 15:19:59.089 [pool-1-thread-13] INFO  rj.highlink.service.impl.ShortLinkServiceImpl-插入数据库结果：ShortLinkPo(id=397, shortCode=2pYfIrCI8jE, longUrl=https://www.example.com/test/67, urlHash=022dc5355f4fc6fc740417ef705b961d, status=1, expireTime=2026-03-14T15:19:59.076646200, createTime=2026-03-07T15:19:59.083041800, updateTime=2026-03-07T15:19:59.083041800)
2026-03-07 15:19:59.090 [pool-1-thread-4] INFO  rj.highlink.service.impl.ShortLinkServiceImpl-查询数据库结果：null
2026-03-07 15:19:59.090 [pool-1-thread-10] INFO  rj.highlink.service.impl.ShortLinkServiceImpl-写入 Redis 结果：2pYfIrCI8jF
2026-03-07 15:19:59.091 [pool-1-thread-1] INFO  rj.highlink.service.impl.ShortLinkServiceImpl-查询数据库结果：null
2026-03-07 15:19:59.091 [pool-1-thread-13] INFO  rj.highlink.service.impl.ShortLinkServiceImpl-写入 Redis 结果：2pYfIrCI8jE
2026-03-07 15:19:59.091 [pool-1-thread-15] INFO  rj.highlink.service.impl.ShortLinkServiceImpl-写入 Redis 结果：2pYfIrCI8jD
2026-03-07 15:19:59.092 [pool-1-thread-18] INFO  rj.highlink.service.impl.ShortLinkServiceImpl-查询数据库结果：null
2026-03-07 15:19:59.092 [pool-1-thread-5] INFO  rj.highlink.service.impl.ShortLinkServiceImpl-查询数据库结果：null
2026-03-07 15:19:59.092 [pool-1-thread-9] INFO  rj.highlink.service.impl.ShortLinkServiceImpl-插入数据库结果：ShortLinkPo(id=401, shortCode=2pYfIrDQwPS, longUrl=https://www.example.com/test/73, urlHash=ed2710fadd8c9addea6477b692328cef, status=1, expireTime=2026-03-14T15:19:59.079586300, createTime=2026-03-07T15:19:59.085043400, updateTime=2026-03-07T15:19:59.085043400)
2026-03-07 15:19:59.092 [pool-1-thread-8] INFO  rj.highlink.service.impl.ShortLinkServiceImpl-插入数据库结果：ShortLinkPo(id=403, shortCode=2pYfIrDQwPV, longUrl=https://www.example.com/test/75, urlHash=17f350d0f6163f36b167fc73df08bac2, status=1, expireTime=2026-03-14T15:19:59.079586300, createTime=2026-03-07T15:19:59.085043400, updateTime=2026-03-07T15:19:59.085043400)
2026-03-07 15:19:59.092 [pool-1-thread-19] INFO  rj.highlink.service.impl.ShortLinkServiceImpl-查询数据库结果：null
2026-03-07 15:19:59.093 [pool-1-thread-11] INFO  rj.highlink.service.impl.ShortLinkServiceImpl-插入数据库结果：ShortLinkPo(id=400, shortCode=2pYfIrDQwPU, longUrl=https://www.example.com/test/74, urlHash=a2bbd9f0c99bcdd50a01ce1cdb13edd1, status=1, expireTime=2026-03-14T15:19:59.079586300, createTime=2026-03-07T15:19:59.085043400, updateTime=2026-03-07T15:19:59.085043400)
2026-03-07 15:19:59.092 [pool-1-thread-6] INFO  rj.highlink.service.impl.ShortLinkServiceImpl-插入数据库结果：ShortLinkPo(id=402, shortCode=2pYfIrDQwPT, longUrl=https://www.example.com/test/72, urlHash=9d53d4440312eb419fef92375d84d113, status=1, expireTime=2026-03-14T15:19:59.079586300, createTime=2026-03-07T15:19:59.085043400, updateTime=2026-03-07T15:19:59.085043400)
2026-03-07 15:19:59.093 [pool-1-thread-16] INFO  rj.highlink.service.impl.ShortLinkServiceImpl-插入数据库结果：ShortLinkPo(id=399, shortCode=2pYfIrCI8jC, longUrl=https://www.example.com/test/69, urlHash=a865ccffdd335ea802634572d331ec64, status=1, expireTime=2026-03-14T15:19:59.077586200, createTime=2026-03-07T15:19:59.083041800, updateTime=2026-03-07T15:19:59.083041800)
2026-03-07 15:19:59.093 [pool-1-thread-10] INFO  rj.highlink.service.impl.ShortLinkServiceImpl-查询数据库结果：null
2026-03-07 15:19:59.094 [pool-1-thread-9] INFO  rj.highlink.service.impl.ShortLinkServiceImpl-写入 Redis 结果：2pYfIrDQwPS
2026-03-07 15:19:59.094 [pool-1-thread-11] INFO  rj.highlink.service.impl.ShortLinkServiceImpl-写入 Redis 结果：2pYfIrDQwPU
2026-03-07 15:19:59.094 [pool-1-thread-20] INFO  rj.highlink.service.impl.ShortLinkServiceImpl-插入数据库结果：ShortLinkPo(id=404, shortCode=2pYfIrEpJ60, longUrl=https://www.example.com/test/71, urlHash=dc45200be6a8aa5d54a542ad6dc21868, status=1, expireTime=2026-03-14T15:19:59.079586300, createTime=2026-03-07T15:19:59.087042300, updateTime=2026-03-07T15:19:59.087042300)
2026-03-07 15:19:59.094 [pool-1-thread-8] INFO  rj.highlink.service.impl.ShortLinkServiceImpl-写入 Redis 结果：2pYfIrDQwPV
2026-03-07 15:19:59.094 [pool-1-thread-16] INFO  rj.highlink.service.impl.ShortLinkServiceImpl-写入 Redis 结果：2pYfIrCI8jC
2026-03-07 15:19:59.094 [pool-1-thread-6] INFO  rj.highlink.service.impl.ShortLinkServiceImpl-写入 Redis 结果：2pYfIrDQwPT
2026-03-07 15:19:59.094 [pool-1-thread-3] INFO  rj.highlink.service.impl.ShortLinkServiceImpl-插入数据库结果：ShortLinkPo(id=405, shortCode=2pYfIrEpJ61, longUrl=https://www.example.com/test/76, urlHash=55ccbd9847506295ef572e9539f50cbd, status=1, expireTime=2026-03-14T15:19:59.083041800, createTime=2026-03-07T15:19:59.087042300, updateTime=2026-03-07T15:19:59.087042300)
2026-03-07 15:19:59.095 [pool-1-thread-13] INFO  rj.highlink.service.impl.ShortLinkServiceImpl-查询数据库结果：null
2026-03-07 15:19:59.096 [pool-1-thread-20] INFO  rj.highlink.service.impl.ShortLinkServiceImpl-写入 Redis 结果：2pYfIrEpJ60
2026-03-07 15:19:59.096 [pool-1-thread-3] INFO  rj.highlink.service.impl.ShortLinkServiceImpl-写入 Redis 结果：2pYfIrEpJ61
2026-03-07 15:19:59.097 [pool-1-thread-15] INFO  rj.highlink.service.impl.ShortLinkServiceImpl-查询数据库结果：null
2026-03-07 15:19:59.097 [pool-1-thread-7] INFO  rj.highlink.service.impl.ShortLinkServiceImpl-插入数据库结果：ShortLinkPo(id=406, shortCode=2pYfIrFgwuc, longUrl=https://www.example.com/test/77, urlHash=eb9241ba8c1ab9722d1432825801053e, status=1, expireTime=2026-03-14T15:19:59.085043400, createTime=2026-03-07T15:19:59.090043, updateTime=2026-03-07T15:19:59.090043)
2026-03-07 15:19:59.097 [pool-1-thread-17] INFO  rj.highlink.service.impl.ShortLinkServiceImpl-插入数据库结果：ShortLinkPo(id=408, shortCode=2pYfIrFy7Cg, longUrl=https://www.example.com/test/79, urlHash=1877196d27eba45910c9dbc2315adb76, status=1, expireTime=2026-03-14T15:19:59.086041600, createTime=2026-03-07T15:19:59.090043, updateTime=2026-03-07T15:19:59.090043)
2026-03-07 15:19:59.097 [pool-1-thread-4] INFO  rj.highlink.service.impl.ShortLinkServiceImpl-插入数据库结果：ShortLinkPo(id=410, shortCode=2pYfIrFPIKm, longUrl=https://www.example.com/test/83, urlHash=82a542ec47435ec376c0ba91156d794b, status=1, expireTime=2026-03-14T15:19:59.087042300, createTime=2026-03-07T15:19:59.092043200, updateTime=2026-03-07T15:19:59.092043200)
2026-03-07 15:19:59.097 [pool-1-thread-11] INFO  rj.highlink.service.impl.ShortLinkServiceImpl-查询数据库结果：null
2026-03-07 15:19:59.098 [pool-1-thread-8] INFO  rj.highlink.service.impl.ShortLinkServiceImpl-查询数据库结果：null
2026-03-07 15:19:59.098 [pool-1-thread-12] INFO  rj.highlink.service.impl.ShortLinkServiceImpl-插入数据库结果：ShortLinkPo(id=409, shortCode=2pYfIrFPIKl, longUrl=https://www.example.com/test/81, urlHash=5f5e201d262555314a60fd77eca4e75c, status=1, expireTime=2026-03-14T15:19:59.086041600, createTime=2026-03-07T15:19:59.091042500, updateTime=2026-03-07T15:19:59.091042500)
2026-03-07 15:19:59.098 [pool-1-thread-14] INFO  rj.highlink.service.impl.ShortLinkServiceImpl-插入数据库结果：ShortLinkPo(id=407, shortCode=2pYfIrFy7Ch, longUrl=https://www.example.com/test/78, urlHash=40177121ecebbb02f546244f8423631d, status=1, expireTime=2026-03-14T15:19:59.086041600, createTime=2026-03-07T15:19:59.090043, updateTime=2026-03-07T15:19:59.090043)
2026-03-07 15:19:59.098 [pool-1-thread-16] INFO  rj.highlink.service.impl.ShortLinkServiceImpl-查询数据库结果：null
2026-03-07 15:19:59.098 [pool-1-thread-9] INFO  rj.highlink.service.impl.ShortLinkServiceImpl-查询数据库结果：null
2026-03-07 15:19:59.098 [pool-1-thread-6] INFO  rj.highlink.service.impl.ShortLinkServiceImpl-查询数据库结果：null
2026-03-07 15:19:59.099 [pool-1-thread-4] INFO  rj.highlink.service.impl.ShortLinkServiceImpl-写入 Redis 结果：2pYfIrFPIKm
2026-03-07 15:19:59.100 [pool-1-thread-7] INFO  rj.highlink.service.impl.ShortLinkServiceImpl-写入 Redis 结果：2pYfIrFgwuc
2026-03-07 15:19:59.100 [pool-1-thread-12] INFO  rj.highlink.service.impl.ShortLinkServiceImpl-写入 Redis 结果：2pYfIrFPIKl
2026-03-07 15:19:59.100 [pool-1-thread-17] INFO  rj.highlink.service.impl.ShortLinkServiceImpl-写入 Redis 结果：2pYfIrFy7Cg
2026-03-07 15:19:59.101 [pool-1-thread-3] INFO  rj.highlink.service.impl.ShortLinkServiceImpl-查询数据库结果：null
2026-03-07 15:19:59.102 [pool-1-thread-2] INFO  rj.highlink.service.impl.ShortLinkServiceImpl-插入数据库结果：ShortLinkPo(id=411, shortCode=2pYfIrFPIKk, longUrl=https://www.example.com/test/80, urlHash=af01260b3fdf904738fe0328c46f6d7a, status=1, expireTime=2026-03-14T15:19:59.086041600, createTime=2026-03-07T15:19:59.092043200, updateTime=2026-03-07T15:19:59.092043200)
2026-03-07 15:19:59.102 [pool-1-thread-20] INFO  rj.highlink.service.impl.ShortLinkServiceImpl-查询数据库结果：null
2026-03-07 15:19:59.103 [pool-1-thread-14] INFO  rj.highlink.service.impl.ShortLinkServiceImpl-写入 Redis 结果：2pYfIrFy7Ch
2026-03-07 15:19:59.104 [pool-1-thread-2] INFO  rj.highlink.service.impl.ShortLinkServiceImpl-写入 Redis 结果：2pYfIrFPIKk
2026-03-07 15:19:59.104 [pool-1-thread-4] INFO  rj.highlink.service.impl.ShortLinkServiceImpl-查询数据库结果：null
2026-03-07 15:19:59.104 [pool-1-thread-10] INFO  rj.highlink.service.impl.ShortLinkServiceImpl-插入数据库结果：ShortLinkPo(id=416, shortCode=2pYfIrGGw8x, longUrl=https://www.example.com/test/87, urlHash=6b6bba7bf54e0fdb93a80dbb4da74c91, status=1, expireTime=2026-03-14T15:19:59.091042500, createTime=2026-03-07T15:19:59.095042400, updateTime=2026-03-07T15:19:59.095042400)
2026-03-07 15:19:59.104 [pool-1-thread-5] INFO  rj.highlink.service.impl.ShortLinkServiceImpl-插入数据库结果：ShortLinkPo(id=413, shortCode=2pYfIrGoV0t, longUrl=https://www.example.com/test/84, urlHash=5a4b5da4d59129c29cd70a0b32d31c87, status=1, expireTime=2026-03-14T15:19:59.089040900, createTime=2026-03-07T15:19:59.094042, updateTime=2026-03-07T15:19:59.094042)
2026-03-07 15:19:59.104 [pool-1-thread-18] INFO  rj.highlink.service.impl.ShortLinkServiceImpl-插入数据库结果：ShortLinkPo(id=414, shortCode=2pYfIrGoV0s, longUrl=https://www.example.com/test/86, urlHash=ff55d59e64d1a4b1f0116d8a3eb45350, status=1, expireTime=2026-03-14T15:19:59.089040900, createTime=2026-03-07T15:19:59.094042, updateTime=2026-03-07T15:19:59.094042)
2026-03-07 15:19:59.104 [pool-1-thread-19] INFO  rj.highlink.service.impl.ShortLinkServiceImpl-插入数据库结果：ShortLinkPo(id=415, shortCode=2pYfIrGGw8w, longUrl=https://www.example.com/test/85, urlHash=81031cf0562467db556ea66a71813355, status=1, expireTime=2026-03-14T15:19:59.089040900, createTime=2026-03-07T15:19:59.095042400, updateTime=2026-03-07T15:19:59.095042400)
2026-03-07 15:19:59.104 [pool-1-thread-1] INFO  rj.highlink.service.impl.ShortLinkServiceImpl-插入数据库结果：ShortLinkPo(id=412, shortCode=2pYfIrG7jSo, longUrl=https://www.example.com/test/82, urlHash=df5a8ca8c60e00b45fec15c677ed5521, status=1, expireTime=2026-03-14T15:19:59.087042300, createTime=2026-03-07T15:19:59.093041400, updateTime=2026-03-07T15:19:59.093041400)
2026-03-07 15:19:59.105 [pool-1-thread-12] INFO  rj.highlink.service.impl.ShortLinkServiceImpl-查询数据库结果：null
2026-03-07 15:19:59.107 [pool-1-thread-7] INFO  rj.highlink.service.impl.ShortLinkServiceImpl-查询数据库结果：null
2026-03-07 15:19:59.107 [pool-1-thread-1] INFO  rj.highlink.service.impl.ShortLinkServiceImpl-写入 Redis 结果：2pYfIrG7jSo
2026-03-07 15:19:59.107 [pool-1-thread-18] INFO  rj.highlink.service.impl.ShortLinkServiceImpl-写入 Redis 结果：2pYfIrGoV0s
2026-03-07 15:19:59.107 [pool-1-thread-10] INFO  rj.highlink.service.impl.ShortLinkServiceImpl-写入 Redis 结果：2pYfIrGGw8x
2026-03-07 15:19:59.107 [pool-1-thread-5] INFO  rj.highlink.service.impl.ShortLinkServiceImpl-写入 Redis 结果：2pYfIrGoV0t
2026-03-07 15:19:59.108 [pool-1-thread-19] INFO  rj.highlink.service.impl.ShortLinkServiceImpl-写入 Redis 结果：2pYfIrGGw8w
2026-03-07 15:19:59.108 [pool-1-thread-11] INFO  rj.highlink.service.impl.ShortLinkServiceImpl-插入数据库结果：ShortLinkPo(id=421, shortCode=2pYfIrI6vMQ, longUrl=https://www.example.com/test/90, urlHash=0363b9142371f271acb6d2328db0c895, status=1, expireTime=2026-03-14T15:19:59.095042400, createTime=2026-03-07T15:19:59.100041200, updateTime=2026-03-07T15:19:59.100041200)
2026-03-07 15:19:59.108 [pool-1-thread-8] INFO  rj.highlink.service.impl.ShortLinkServiceImpl-插入数据库结果：ShortLinkPo(id=422, shortCode=2pYfIrI6vMR, longUrl=https://www.example.com/test/92, urlHash=42ad99809597d34e39d3f6767e9b2fcf, status=1, expireTime=2026-03-14T15:19:59.095042400, createTime=2026-03-07T15:19:59.101043500, updateTime=2026-03-07T15:19:59.101043500)
2026-03-07 15:19:59.108 [pool-1-thread-13] INFO  rj.highlink.service.impl.ShortLinkServiceImpl-插入数据库结果：ShortLinkPo(id=417, shortCode=2pYfIrHfIoE, longUrl=https://www.example.com/test/88, urlHash=61c82ef6057882000d89bc0dda37f0b0, status=1, expireTime=2026-03-14T15:19:59.093041400, createTime=2026-03-07T15:19:59.099043400, updateTime=2026-03-07T15:19:59.099043400)
2026-03-07 15:19:59.108 [pool-1-thread-16] INFO  rj.highlink.service.impl.ShortLinkServiceImpl-插入数据库结果：ShortLinkPo(id=423, shortCode=2pYfIrIo6UU, longUrl=https://www.example.com/test/94, urlHash=f033bd198e4af96b378d4e78fbe30a61, status=1, expireTime=2026-03-14T15:19:59.095042400, createTime=2026-03-07T15:19:59.101043500, updateTime=2026-03-07T15:19:59.101043500)
2026-03-07 15:19:59.108 [pool-1-thread-15] INFO  rj.highlink.service.impl.ShortLinkServiceImpl-插入数据库结果：ShortLinkPo(id=418, shortCode=2pYfIrHOUEM, longUrl=https://www.example.com/test/89, urlHash=0d46229bb98416acab03daa8eb8ca9cb, status=1, expireTime=2026-03-14T15:19:59.093041400, createTime=2026-03-07T15:19:59.099043400, updateTime=2026-03-07T15:19:59.099043400)
2026-03-07 15:19:59.108 [pool-1-thread-9] INFO  rj.highlink.service.impl.ShortLinkServiceImpl-插入数据库结果：ShortLinkPo(id=419, shortCode=2pYfIrIo6UV, longUrl=https://www.example.com/test/91, urlHash=84c53971a2f475a34bf9bbb6dbd0cbc2, status=1, expireTime=2026-03-14T15:19:59.095042400, createTime=2026-03-07T15:19:59.100041200, updateTime=2026-03-07T15:19:59.100041200)
2026-03-07 15:19:59.108 [pool-1-thread-6] INFO  rj.highlink.service.impl.ShortLinkServiceImpl-插入数据库结果：ShortLinkPo(id=420, shortCode=2pYfIrIo6UW, longUrl=https://www.example.com/test/93, urlHash=1885bb0f9d184b45dbd24921a0ea63f5, status=1, expireTime=2026-03-14T15:19:59.095042400, createTime=2026-03-07T15:19:59.100041200, updateTime=2026-03-07T15:19:59.100041200)
2026-03-07 15:19:59.110 [pool-1-thread-3] INFO  rj.highlink.service.impl.ShortLinkServiceImpl-插入数据库结果：ShortLinkPo(id=424, shortCode=2pYfIrIXjb2, longUrl=https://www.example.com/test/96, urlHash=f776721ca7a85e139f2f9633d9033bf3, status=1, expireTime=2026-03-14T15:19:59.098040800, createTime=2026-03-07T15:19:59.103404700, updateTime=2026-03-07T15:19:59.103404700)
2026-03-07 15:19:59.110 [pool-1-thread-20] INFO  rj.highlink.service.impl.ShortLinkServiceImpl-插入数据库结果：ShortLinkPo(id=425, shortCode=2pYfIrJeUj6, longUrl=https://www.example.com/test/95, urlHash=fad49e6b37b840639d181079015a10d6, status=1, expireTime=2026-03-14T15:19:59.098040800, createTime=2026-03-07T15:19:59.103404700, updateTime=2026-03-07T15:19:59.103404700)
2026-03-07 15:19:59.111 [pool-1-thread-13] INFO  rj.highlink.service.impl.ShortLinkServiceImpl-写入 Redis 结果：2pYfIrHfIoE
2026-03-07 15:19:59.111 [pool-1-thread-8] INFO  rj.highlink.service.impl.ShortLinkServiceImpl-写入 Redis 结果：2pYfIrI6vMR
2026-03-07 15:19:59.111 [pool-1-thread-11] INFO  rj.highlink.service.impl.ShortLinkServiceImpl-写入 Redis 结果：2pYfIrI6vMQ
2026-03-07 15:19:59.111 [pool-1-thread-6] INFO  rj.highlink.service.impl.ShortLinkServiceImpl-写入 Redis 结果：2pYfIrIo6UW
2026-03-07 15:19:59.111 [pool-1-thread-16] INFO  rj.highlink.service.impl.ShortLinkServiceImpl-写入 Redis 结果：2pYfIrIo6UU
2026-03-07 15:19:59.111 [pool-1-thread-15] INFO  rj.highlink.service.impl.ShortLinkServiceImpl-写入 Redis 结果：2pYfIrHOUEM
2026-03-07 15:19:59.111 [pool-1-thread-9] INFO  rj.highlink.service.impl.ShortLinkServiceImpl-写入 Redis 结果：2pYfIrIo6UV
2026-03-07 15:19:59.112 [pool-1-thread-3] INFO  rj.highlink.service.impl.ShortLinkServiceImpl-写入 Redis 结果：2pYfIrIXjb2
2026-03-07 15:19:59.112 [pool-1-thread-20] INFO  rj.highlink.service.impl.ShortLinkServiceImpl-写入 Redis 结果：2pYfIrJeUj6
2026-03-07 15:19:59.112 [pool-1-thread-4] INFO  rj.highlink.service.impl.ShortLinkServiceImpl-插入数据库结果：ShortLinkPo(id=426, shortCode=2pYfIrK5HHi, longUrl=https://www.example.com/test/97, urlHash=bae901ae53be4b39a3b58daffacde074, status=1, expireTime=2026-03-14T15:19:59.101043500, createTime=2026-03-07T15:19:59.107090200, updateTime=2026-03-07T15:19:59.107090200)
2026-03-07 15:19:59.114 [pool-1-thread-4] INFO  rj.highlink.service.impl.ShortLinkServiceImpl-写入 Redis 结果：2pYfIrK5HHi
2026-03-07 15:19:59.115 [pool-1-thread-7] INFO  rj.highlink.service.impl.ShortLinkServiceImpl-插入数据库结果：ShortLinkPo(id=428, shortCode=2pYfIrKETXr, longUrl=https://www.example.com/test/99, urlHash=438d039eba9293cb8036ee8bc74a988e, status=1, expireTime=2026-03-14T15:19:59.103404700, createTime=2026-03-07T15:19:59.109099, updateTime=2026-03-07T15:19:59.109099)
2026-03-07 15:19:59.115 [pool-1-thread-12] INFO  rj.highlink.service.impl.ShortLinkServiceImpl-插入数据库结果：ShortLinkPo(id=427, shortCode=2pYfIrKETXq, longUrl=https://www.example.com/test/98, urlHash=b773e9eb228f922499c325d555ede630, status=1, expireTime=2026-03-14T15:19:59.103404700, createTime=2026-03-07T15:19:59.108100300, updateTime=2026-03-07T15:19:59.108100300)
2026-03-07 15:19:59.116 [pool-1-thread-7] INFO  rj.highlink.service.impl.ShortLinkServiceImpl-写入 Redis 结果：2pYfIrKETXr
2026-03-07 15:19:59.116 [pool-1-thread-12] INFO  rj.highlink.service.impl.ShortLinkServiceImpl-写入 Redis 结果：2pYfIrKETXq
2026-03-07 15:19:59.169 [SpringApplicationShutdownHook] INFO  com.zaxxer.hikari.HikariDataSource-HikariCP - Shutdown initiated...
2026-03-07 15:19:59.181 [SpringApplicationShutdownHook] INFO  com.zaxxer.hikari.HikariDataSource-HikariCP - Shutdown completed.
